Transformed distances:
tensor([[ -99.7489,  -98.4118, -105.5545, -100.0883,  -90.4627,  -95.0277,
          -86.2320,  -88.9147,  -93.6676,  -97.7621],
        [-100.6144,  -99.6510, -106.3665, -101.1259,  -91.6884,  -96.0850,
          -87.1094,  -89.6258,  -94.2490,  -98.6185],
        [-117.9442, -115.6520, -123.3003, -119.1171, -107.6197, -113.1507,
         -102.5387, -105.7897, -111.0691, -115.4891]], device='cuda:0',
       grad_fn=<NegBackward>)
Probabilities:
tensor([[0.0099, 0.0101, 0.0094, 0.0099, 0.0109, 0.0104, 0.0115, 0.0111, 0.0106,
         0.0101],
        [0.0098, 0.0099, 0.0093, 0.0098, 0.0108, 0.0103, 0.0113, 0.0110, 0.0105,
         0.0100],
        [0.0084, 0.0086, 0.0080, 0.0083, 0.0092, 0.0088, 0.0097, 0.0094, 0.0089,
         0.0086]], device='cuda:0', grad_fn=<AddBackward0>)
Median cluster size=0.39900001883506775 mean=0.39959999918937683 min=0.39900001883506775 max=0.4009999930858612
Transformed distances:
tensor([[-108.2704, -106.8638, -116.3223, -111.1909, -100.8947, -103.8474,
          -96.1156,  -98.8683, -104.0699, -108.2270],
        [-111.1287, -109.2723, -118.9047, -114.0942, -103.3471, -106.6501,
          -98.2125, -101.5450, -106.5437, -110.8931],
        [-112.0565, -110.0931, -119.4749, -114.7655, -104.0224, -107.1786,
          -99.1172, -102.1244, -107.2499, -111.7549]], device='cuda:0',
       grad_fn=<NegBackward>)
Probabilities:
tensor([[0.0092, 0.0093, 0.0085, 0.0089, 0.0098, 0.0095, 0.0103, 0.0100, 0.0095,
         0.0092],
        [0.0089, 0.0091, 0.0083, 0.0087, 0.0096, 0.0093, 0.0101, 0.0098, 0.0093,
         0.0089],
        [0.0088, 0.0090, 0.0083, 0.0086, 0.0095, 0.0092, 0.0100, 0.0097, 0.0092,
         0.0089]], device='cuda:0', grad_fn=<AddBackward0>)
Median cluster size=0.3980022072792053 mean=0.39934539794921875 min=0.39800193905830383 max=0.401994913816452
Transformed distances:
tensor([[-111.2637, -108.7585, -120.4224, -115.5086, -103.3755, -106.8119,
          -99.5886, -102.6979, -107.8551, -111.0413],
        [-114.8137, -112.1353, -123.9434, -119.0835, -106.6442, -110.0206,
         -103.0583, -106.2485, -111.6297, -114.4433],
        [-109.5595, -107.0267, -118.7065, -113.7583, -101.5360, -105.1636,
          -98.3170, -101.5744, -106.3732, -109.2932]], device='cuda:0',
       grad_fn=<NegBackward>)
Probabilities:
tensor([[0.0089, 0.0091, 0.0082, 0.0086, 0.0096, 0.0093, 0.0099, 0.0096, 0.0092,
         0.0089],
        [0.0086, 0.0088, 0.0080, 0.0083, 0.0093, 0.0090, 0.0096, 0.0093, 0.0089,
         0.0087],
        [0.0090, 0.0093, 0.0084, 0.0087, 0.0098, 0.0094, 0.0101, 0.0097, 0.0093,
         0.0091]], device='cuda:0', grad_fn=<AddBackward0>)
Median cluster size=0.3981115520000458 mean=0.39914295077323914 min=0.3970056474208832 max=0.402557909488678
Transformed distances:
tensor([[-116.6662, -113.8489, -126.0256, -122.4387, -108.1972, -111.9727,
         -106.1272, -109.3276, -114.5595, -116.6871],
        [-111.5381, -109.1717, -121.2556, -117.5567, -103.6701, -108.0664,
         -101.7210, -104.7222, -110.0424, -112.0145],
        [-111.9719, -109.6149, -122.1995, -118.2963, -103.8055, -108.5776,
         -101.9664, -105.5625, -110.8322, -112.0877]], device='cuda:0',
       grad_fn=<NegBackward>)
Probabilities:
tensor([[0.0085, 0.0087, 0.0079, 0.0081, 0.0092, 0.0089, 0.0093, 0.0091, 0.0087,
         0.0085],
        [0.0089, 0.0091, 0.0082, 0.0084, 0.0096, 0.0092, 0.0097, 0.0095, 0.0090,
         0.0088],
        [0.0089, 0.0090, 0.0081, 0.0084, 0.0095, 0.0091, 0.0097, 0.0094, 0.0089,
         0.0088]], device='cuda:0', grad_fn=<AddBackward0>)
Median cluster size=0.39799728989601135 mean=0.3989638090133667 min=0.39601096510887146 max=0.40285053849220276
Transformed distances:
tensor([[-109.4847, -106.9553, -119.4268, -116.7797, -101.2411, -106.3944,
         -101.0287, -104.1009, -107.9970, -110.6889],
        [-113.6244, -111.1030, -124.3938, -121.2952, -104.8974, -111.1692,
         -104.7083, -108.4443, -112.0700, -113.7931],
        [-111.4164, -108.6797, -121.1817, -118.5119, -102.8017, -107.7985,
         -102.7701, -105.7770, -109.8541, -112.4709]], device='cuda:0',
       grad_fn=<NegBackward>)
Probabilities:
tensor([[0.0091, 0.0093, 0.0083, 0.0085, 0.0098, 0.0093, 0.0098, 0.0095, 0.0092,
         0.0090],
        [0.0087, 0.0089, 0.0080, 0.0082, 0.0094, 0.0089, 0.0095, 0.0091, 0.0088,
         0.0087],
        [0.0089, 0.0091, 0.0082, 0.0084, 0.0096, 0.0092, 0.0096, 0.0094, 0.0090,
         0.0088]], device='cuda:0', grad_fn=<AddBackward0>)
Median cluster size=0.3977275490760803 mean=0.3988622725009918 min=0.39501774311065674 max=0.40294888615608215
Transformed distances:
tensor([[-108.2407, -105.4439, -118.6124, -115.6549,  -98.7068, -105.3669,
         -100.0049, -104.1267, -106.6504, -109.5304],
        [-111.8924, -109.3787, -122.5618, -119.6109, -102.6660, -109.5709,
         -103.6231, -107.8833, -110.3464, -113.0035],
        [-106.7866, -104.6569, -117.6862, -114.7187,  -97.9943, -104.9713,
          -99.0529, -102.9105, -105.5615, -108.3060]], device='cuda:0',
       grad_fn=<NegBackward>)
Probabilities:
tensor([[0.0092, 0.0094, 0.0084, 0.0086, 0.0100, 0.0094, 0.0099, 0.0095, 0.0093,
         0.0090],
        [0.0089, 0.0091, 0.0081, 0.0083, 0.0096, 0.0090, 0.0096, 0.0092, 0.0090,
         0.0088],
        [0.0093, 0.0095, 0.0084, 0.0086, 0.0101, 0.0094, 0.0100, 0.0096, 0.0094,
         0.0091]], device='cuda:0', grad_fn=<AddBackward0>)
Median cluster size=0.39779728651046753 mean=0.39879223704338074 min=0.3948056101799011 max=0.4028977155685425
Transformed distances:
tensor([[-111.5432, -109.1605, -122.7153, -119.5078, -101.5697, -109.7427,
         -103.7495, -107.7838, -109.6625, -112.6263],
        [-108.3224, -106.1534, -119.5464, -116.5550,  -98.9975, -106.8000,
         -100.7411, -104.5200, -106.7775, -109.7476],
        [-110.0394, -107.3827, -120.8829, -118.0450, -100.1167, -107.8393,
         -101.9491, -106.0781, -107.9638, -111.1689]], device='cuda:0',
       grad_fn=<NegBackward>)
Probabilities:
tensor([[0.0089, 0.0091, 0.0081, 0.0083, 0.0097, 0.0090, 0.0095, 0.0092, 0.0090,
         0.0088],
        [0.0091, 0.0093, 0.0083, 0.0085, 0.0100, 0.0093, 0.0098, 0.0095, 0.0093,
         0.0090],
        [0.0090, 0.0092, 0.0082, 0.0084, 0.0099, 0.0092, 0.0097, 0.0093, 0.0092,
         0.0089]], device='cuda:0', grad_fn=<AddBackward0>)
Median cluster size=0.3979988694190979 mean=0.3987328112125397 min=0.39448294043540955 max=0.4029444456100464
Transformed distances:
tensor([[-116.1544, -113.5282, -126.9318, -124.0536, -105.2854, -114.4210,
         -107.9661, -112.1979, -113.7628, -117.0738],
        [-109.5033, -106.9660, -120.2736, -117.2093,  -98.4653, -107.8571,
         -101.9943, -106.1372, -107.3718, -110.6299],
        [-109.5905, -107.6399, -120.8947, -117.6025,  -99.6953, -108.6447,
         -102.2760, -105.8603, -107.6533, -110.9652]], device='cuda:0',
       grad_fn=<NegBackward>)
Probabilities:
tensor([[0.0085, 0.0087, 0.0078, 0.0080, 0.0094, 0.0087, 0.0092, 0.0088, 0.0087,
         0.0085],
        [0.0090, 0.0093, 0.0082, 0.0085, 0.0101, 0.0092, 0.0097, 0.0093, 0.0092,
         0.0090],
        [0.0090, 0.0092, 0.0082, 0.0084, 0.0099, 0.0091, 0.0097, 0.0094, 0.0092,
         0.0089]], device='cuda:0', grad_fn=<AddBackward0>)
Median cluster size=0.3980996310710907 mean=0.39869189262390137 min=0.39407455921173096 max=0.40344640612602234
Transformed distances:
tensor([[-112.2525, -108.7846, -122.0907, -119.4011,  -99.9916, -109.7997,
         -104.4302, -108.7746, -109.2780, -112.9284],
        [-113.4293, -110.6840, -123.7974, -121.0723, -101.9341, -111.8779,
         -106.0264, -109.9318, -110.9623, -114.5642],
        [-108.9124, -106.8372, -119.8203, -116.9402,  -98.6859, -108.2725,
         -102.0401, -105.5541, -106.8315, -110.2995]], device='cuda:0',
       grad_fn=<NegBackward>)
Probabilities:
tensor([[0.0088, 0.0091, 0.0081, 0.0083, 0.0099, 0.0090, 0.0095, 0.0091, 0.0091,
         0.0088],
        [0.0087, 0.0090, 0.0080, 0.0082, 0.0097, 0.0089, 0.0093, 0.0090, 0.0089,
         0.0087],
        [0.0091, 0.0093, 0.0083, 0.0085, 0.0100, 0.0092, 0.0097, 0.0094, 0.0093,
         0.0090]], device='cuda:0', grad_fn=<AddBackward0>)
Median cluster size=0.3981146812438965 mean=0.39866018295288086 min=0.39359650015830994 max=0.4037955701351166
Transformed distances:
tensor([[-107.3270, -105.1088, -118.0317, -115.6386,  -96.6281, -106.5133,
         -101.0601, -104.6290, -105.5064, -108.8559],
        [-111.5078, -108.9109, -121.8816, -119.4264, -100.1082, -110.1212,
         -104.9106, -108.6925, -109.0341, -112.5478],
        [-114.9604, -111.5932, -124.8394, -122.1678, -102.3160, -112.3868,
         -107.7599, -111.8976, -111.9266, -115.5214]], device='cuda:0',
       grad_fn=<NegBackward>)
Probabilities:
tensor([[0.0092, 0.0094, 0.0084, 0.0086, 0.0102, 0.0093, 0.0098, 0.0095, 0.0094,
         0.0091],
        [0.0089, 0.0091, 0.0081, 0.0083, 0.0099, 0.0090, 0.0094, 0.0091, 0.0091,
         0.0088],
        [0.0086, 0.0089, 0.0079, 0.0081, 0.0097, 0.0088, 0.0092, 0.0089, 0.0089,
         0.0086]], device='cuda:0', grad_fn=<AddBackward0>)
Median cluster size=0.39805588126182556 mean=0.3986417353153229 min=0.39349907636642456 max=0.4040148854255676
Transformed distances:
tensor([[-104.4039, -102.3806, -114.8250, -113.1331,  -94.7547, -104.1084,
          -98.4660, -101.1132, -102.7878, -106.1226],
        [-113.3631, -109.9444, -123.3830, -120.6835, -100.9765, -111.2584,
         -106.8731, -110.3348, -110.6369, -114.2941],
        [-115.5987, -112.1484, -125.7832, -122.6557, -102.2957, -112.8594,
         -109.3619, -112.9606, -112.8605, -116.0962]], device='cuda:0',
       grad_fn=<NegBackward>)
Probabilities:
tensor([[0.0095, 0.0097, 0.0086, 0.0088, 0.0104, 0.0095, 0.0101, 0.0098, 0.0096,
         0.0093],
        [0.0087, 0.0090, 0.0080, 0.0082, 0.0098, 0.0089, 0.0093, 0.0090, 0.0090,
         0.0087],
        [0.0086, 0.0088, 0.0079, 0.0081, 0.0097, 0.0088, 0.0091, 0.0088, 0.0088,
         0.0085]], device='cuda:0', grad_fn=<AddBackward0>)
Median cluster size=0.39793261885643005 mean=0.39862507581710815 min=0.3930535316467285 max=0.40412256121635437
Transformed distances:
tensor([[-116.5009, -112.2514, -125.8960, -123.0247, -102.8010, -112.9249,
         -109.7687, -113.1807, -113.3767, -116.5521],
        [-108.7695, -106.4358, -119.4707, -116.2554,  -98.1728, -108.3704,
         -103.7179, -105.4052, -106.8472, -109.7021],
        [-107.5059, -104.7634, -118.2158, -114.6365,  -95.9527, -106.4307,
         -102.5531, -104.7343, -105.4709, -108.5915]], device='cuda:0',
       grad_fn=<NegBackward>)
Probabilities:
tensor([[0.0085, 0.0088, 0.0079, 0.0081, 0.0096, 0.0088, 0.0090, 0.0088, 0.0087,
         0.0085],
        [0.0091, 0.0093, 0.0083, 0.0085, 0.0101, 0.0091, 0.0095, 0.0094, 0.0093,
         0.0090],
        [0.0092, 0.0095, 0.0084, 0.0086, 0.0103, 0.0093, 0.0097, 0.0095, 0.0094,
         0.0091]], device='cuda:0', grad_fn=<AddBackward0>)
Median cluster size=0.39780092239379883 mean=0.3986082673072815 min=0.39240047335624695 max=0.40413329005241394
Transformed distances:
tensor([[-110.0066, -106.5744, -119.7717, -116.3299,  -97.2600, -107.5934,
         -104.8899, -107.0871, -107.7205, -110.6045],
        [-116.3898, -113.4907, -126.6782, -122.9566, -104.9656, -115.0712,
         -111.3736, -112.5641, -114.1372, -116.7215],
        [-112.3467, -108.4795, -121.8564, -118.4645,  -99.4142, -109.2695,
         -106.7917, -108.8575, -109.5302, -112.6623]], device='cuda:0',
       grad_fn=<NegBackward>)
Probabilities:
tensor([[0.0090, 0.0093, 0.0083, 0.0085, 0.0102, 0.0092, 0.0094, 0.0093, 0.0092,
         0.0090],
        [0.0085, 0.0087, 0.0078, 0.0081, 0.0094, 0.0086, 0.0089, 0.0088, 0.0087,
         0.0085],
        [0.0088, 0.0091, 0.0081, 0.0084, 0.0100, 0.0091, 0.0093, 0.0091, 0.0090,
         0.0088]], device='cuda:0', grad_fn=<AddBackward0>)
Median cluster size=0.3978370726108551 mean=0.39857956767082214 min=0.3917171359062195 max=0.40406057238578796
Transformed distances:
tensor([[-108.2387, -105.4846, -118.6709, -114.5740,  -97.5751, -107.5674,
         -104.3752, -104.4517, -106.5051, -109.1477],
        [-119.6778, -114.5802, -128.7884, -125.1189, -105.5125, -115.2797,
         -113.9746, -116.6408, -116.7250, -119.3653],
        [-111.3869, -108.3942, -121.6444, -117.7593, -100.0819, -110.2813,
         -107.5396, -107.8585, -109.6946, -112.3548]], device='cuda:0',
       grad_fn=<NegBackward>)
Probabilities:
tensor([[0.0092, 0.0094, 0.0084, 0.0087, 0.0101, 0.0092, 0.0095, 0.0095, 0.0093,
         0.0091],
        [0.0083, 0.0087, 0.0077, 0.0079, 0.0094, 0.0086, 0.0087, 0.0085, 0.0085,
         0.0083],
        [0.0089, 0.0091, 0.0082, 0.0084, 0.0099, 0.0090, 0.0092, 0.0092, 0.0090,
         0.0088]], device='cuda:0', grad_fn=<AddBackward0>)
Median cluster size=0.39778390526771545 mean=0.3985598683357239 min=0.3913780450820923 max=0.40391483902931213
Transformed distances:
tensor([[-114.0395, -109.3561, -123.8793, -119.5072, -100.6417, -110.6982,
         -109.6861, -111.7258, -111.6042, -114.3631],
        [-114.5144, -110.0307, -124.1923, -120.3373, -101.4581, -111.5372,
         -110.0818, -112.1923, -112.3928, -115.0443],
        [-110.6565, -108.5142, -121.4816, -117.2710, -101.7573, -111.0648,
         -107.8622, -106.2031, -109.5497, -112.2940]], device='cuda:0',
       grad_fn=<NegBackward>)
Probabilities:
tensor([[0.0087, 0.0091, 0.0080, 0.0083, 0.0098, 0.0090, 0.0090, 0.0089, 0.0089,
         0.0087],
        [0.0087, 0.0090, 0.0080, 0.0082, 0.0098, 0.0089, 0.0090, 0.0088, 0.0088,
         0.0086],
        [0.0090, 0.0091, 0.0082, 0.0085, 0.0097, 0.0089, 0.0092, 0.0093, 0.0090,
         0.0088]], device='cuda:0', grad_fn=<AddBackward0>)
Median cluster size=0.39765220880508423 mean=0.39853549003601074 min=0.39098072052001953 max=0.4038984477519989
Transformed distances:
tensor([[-113.3041, -109.2004, -123.6229, -119.5715, -101.5562, -111.4212,
         -109.9027, -110.7100, -111.2976, -114.3970],
        [-115.1981, -110.3960, -125.2226, -120.9501, -102.0271, -111.8759,
         -110.9546, -113.3980, -112.9716, -115.5573],
        [-112.4532, -110.5003, -123.9107, -119.0829, -103.3456, -113.2771,
         -110.4346, -109.2933, -111.2560, -113.9572]], device='cuda:0',
       grad_fn=<NegBackward>)
Probabilities:
tensor([[0.0087, 0.0091, 0.0080, 0.0083, 0.0098, 0.0089, 0.0090, 0.0090, 0.0089,
         0.0087],
        [0.0086, 0.0090, 0.0079, 0.0082, 0.0097, 0.0089, 0.0089, 0.0087, 0.0088,
         0.0086],
        [0.0088, 0.0090, 0.0080, 0.0083, 0.0096, 0.0088, 0.0090, 0.0091, 0.0089,
         0.0087]], device='cuda:0', grad_fn=<AddBackward0>)
Median cluster size=0.3976408541202545 mean=0.3985171914100647 min=0.3905329704284668 max=0.4039858281612396
Transformed distances:
tensor([[-115.2952, -112.8321, -127.0711, -121.6912, -105.6440, -115.1735,
         -113.8513, -112.6838, -114.2253, -117.0593],
        [-115.2364, -112.4224, -126.6806, -121.4590, -105.2359, -114.6626,
         -113.4796, -112.3629, -113.9572, -116.8714],
        [-109.8668, -105.0139, -119.9417, -115.7111,  -97.1825, -106.5984,
         -105.9306, -108.3585, -107.4852, -110.2979]], device='cuda:0',
       grad_fn=<NegBackward>)
Probabilities:
tensor([[0.0086, 0.0088, 0.0078, 0.0082, 0.0094, 0.0086, 0.0087, 0.0088, 0.0087,
         0.0085],
        [0.0086, 0.0088, 0.0078, 0.0082, 0.0094, 0.0086, 0.0087, 0.0088, 0.0087,
         0.0085],
        [0.0090, 0.0094, 0.0083, 0.0086, 0.0102, 0.0093, 0.0094, 0.0091, 0.0092,
         0.0090]], device='cuda:0', grad_fn=<AddBackward0>)
Median cluster size=0.39761531352996826 mean=0.3984943926334381 min=0.39004087448120117 max=0.4040052592754364
Transformed distances:
tensor([[-108.4925, -105.3859, -119.5079, -115.1265,  -98.6937, -108.0063,
         -106.8325, -105.5646, -107.4864, -110.5567],
        [-117.7933, -115.5742, -129.8636, -123.9905, -108.4007, -118.0166,
         -117.1547, -114.9912, -116.7832, -119.5405],
        [-115.0814, -110.3933, -125.6435, -120.6818, -103.3726, -112.1413,
         -111.8187, -112.7841, -112.6111, -115.6600]], device='cuda:0',
       grad_fn=<NegBackward>)
Probabilities:
tensor([[0.0091, 0.0094, 0.0083, 0.0086, 0.0100, 0.0092, 0.0093, 0.0094, 0.0092,
         0.0090],
        [0.0084, 0.0086, 0.0076, 0.0080, 0.0091, 0.0084, 0.0085, 0.0086, 0.0085,
         0.0083],
        [0.0086, 0.0090, 0.0079, 0.0082, 0.0096, 0.0088, 0.0089, 0.0088, 0.0088,
         0.0086]], device='cuda:0', grad_fn=<AddBackward0>)
Median cluster size=0.39753079414367676 mean=0.3984817564487457 min=0.38983115553855896 max=0.40396353602409363
Transformed distances:
tensor([[-116.3609, -112.7589, -127.5012, -122.5828, -106.2406, -114.6461,
         -114.3134, -113.4090, -114.9198, -117.8496],
        [-116.0911, -113.0491, -127.7688, -122.3002, -106.3699, -115.2375,
         -114.8107, -113.5232, -114.7115, -117.7504],
        [-112.0049, -109.4148, -124.0506, -118.3792, -102.5798, -111.6538,
         -111.3382, -109.6532, -111.1122, -114.1088]], device='cuda:0',
       grad_fn=<NegBackward>)
Probabilities:
tensor([[0.0085, 0.0088, 0.0078, 0.0081, 0.0093, 0.0086, 0.0087, 0.0087, 0.0086,
         0.0084],
        [0.0085, 0.0088, 0.0078, 0.0081, 0.0093, 0.0086, 0.0086, 0.0087, 0.0086,
         0.0084],
        [0.0088, 0.0091, 0.0080, 0.0084, 0.0097, 0.0089, 0.0089, 0.0090, 0.0089,
         0.0087]], device='cuda:0', grad_fn=<AddBackward0>)
Median cluster size=0.39775556325912476 mean=0.3984626829624176 min=0.38955923914909363 max=0.4038672149181366
Transformed distances:
tensor([[-118.9657, -114.8822, -129.9075, -124.4669, -108.2153, -116.2905,
         -116.6698, -116.9493, -117.1548, -119.9643],
        [-109.6103, -109.4312, -122.7833, -116.3215, -103.4871, -111.6904,
         -111.5151, -106.2825, -110.4265, -113.6454],
        [-113.5568, -110.5254, -124.9564, -119.7282, -104.0221, -112.0634,
         -112.4769, -110.9708, -112.5807, -115.6522]], device='cuda:0',
       grad_fn=<NegBackward>)
Probabilities:
tensor([[0.0083, 0.0086, 0.0076, 0.0080, 0.0092, 0.0085, 0.0085, 0.0085, 0.0085,
         0.0083],
        [0.0090, 0.0091, 0.0081, 0.0085, 0.0096, 0.0089, 0.0089, 0.0093, 0.0090,
         0.0087],
        [0.0087, 0.0090, 0.0079, 0.0083, 0.0095, 0.0088, 0.0088, 0.0089, 0.0088,
         0.0086]], device='cuda:0', grad_fn=<AddBackward0>)
Median cluster size=0.39803174138069153 mean=0.39843007922172546 min=0.3892316222190857 max=0.40372124314308167
Transformed distances:
tensor([[-110.4258, -111.1225, -124.1561, -117.2702, -105.7918, -112.9424,
         -113.2853, -106.3497, -111.9239, -115.4162],
        [-119.2783, -115.7126, -130.4212, -125.1430, -109.2684, -116.9583,
         -117.5383, -117.1816, -118.2339, -121.0944],
        [-112.4724, -109.5651, -123.9392, -118.3511, -103.1798, -111.0995,
         -111.7762, -110.0122, -111.4188, -114.9045]], device='cuda:0',
       grad_fn=<NegBackward>)
Probabilities:
tensor([[0.0090, 0.0089, 0.0080, 0.0085, 0.0094, 0.0088, 0.0088, 0.0093, 0.0089,
         0.0086],
        [0.0083, 0.0086, 0.0076, 0.0079, 0.0091, 0.0085, 0.0084, 0.0085, 0.0084,
         0.0082],
        [0.0088, 0.0090, 0.0080, 0.0084, 0.0096, 0.0089, 0.0089, 0.0090, 0.0089,
         0.0086]], device='cuda:0', grad_fn=<AddBackward0>)
Median cluster size=0.39822423458099365 mean=0.39840731024742126 min=0.3891289234161377 max=0.40373098850250244
Transformed distances:
tensor([[-112.1438, -112.4628, -125.9588, -118.5077, -106.9481, -114.4408,
         -114.6745, -108.7516, -113.5474, -116.4976],
        [-112.7872, -107.4860, -122.3744, -118.6958, -100.8633, -106.6923,
         -108.4605, -110.8680, -111.3352, -113.8988],
        [-113.5706, -113.8156, -127.4298, -119.7347, -108.7037, -115.7601,
         -116.1114, -109.7502, -114.7141, -118.0028]], device='cuda:0',
       grad_fn=<NegBackward>)
Probabilities:
tensor([[0.0088, 0.0088, 0.0079, 0.0084, 0.0093, 0.0087, 0.0086, 0.0091, 0.0087,
         0.0085],
        [0.0088, 0.0092, 0.0081, 0.0084, 0.0098, 0.0093, 0.0091, 0.0089, 0.0089,
         0.0087],
        [0.0087, 0.0087, 0.0078, 0.0083, 0.0091, 0.0086, 0.0085, 0.0090, 0.0086,
         0.0084]], device='cuda:0', grad_fn=<AddBackward0>)
Median cluster size=0.3983403444290161 mean=0.3983933627605438 min=0.38921189308166504 max=0.4037761390209198
Transformed distances:
tensor([[-118.8837, -117.0810, -131.2263, -124.9161, -112.0176, -118.5817,
         -118.9642, -115.4700, -119.2518, -122.0666],
        [-110.7446, -108.9733, -122.9640, -117.0219, -104.1116, -110.6086,
         -111.2226, -106.9635, -111.3110, -114.5819],
        [-120.6222, -118.5490, -132.8590, -126.4338, -113.0820, -120.3291,
         -120.4824, -117.7479, -120.7205, -123.4156]], device='cuda:0',
       grad_fn=<NegBackward>)
Probabilities:
tensor([[0.0083, 0.0085, 0.0076, 0.0079, 0.0088, 0.0084, 0.0083, 0.0086, 0.0083,
         0.0081],
        [0.0089, 0.0091, 0.0081, 0.0085, 0.0095, 0.0090, 0.0089, 0.0093, 0.0089,
         0.0087],
        [0.0082, 0.0084, 0.0075, 0.0078, 0.0088, 0.0082, 0.0082, 0.0084, 0.0082,
         0.0080]], device='cuda:0', grad_fn=<AddBackward0>)
Median cluster size=0.39835500717163086 mean=0.39837953448295593 min=0.3892127275466919 max=0.40381598472595215
Transformed distances:
tensor([[-111.0776, -108.4389, -122.5419, -117.5239, -103.0452, -109.1274,
         -110.3304, -108.2300, -111.5198, -114.2456],
        [-122.3215, -120.5332, -134.1003, -127.8733, -115.8393, -121.2736,
         -121.8679, -118.1660, -122.5584, -124.7686],
        [-109.5343, -109.1276, -122.7073, -116.0720, -104.3470, -110.6033,
         -111.3886, -105.4136, -110.9536, -114.2223]], device='cuda:0',
       grad_fn=<NegBackward>)
Probabilities:
tensor([[0.0089, 0.0091, 0.0081, 0.0084, 0.0096, 0.0091, 0.0090, 0.0092, 0.0089,
         0.0087],
        [0.0081, 0.0082, 0.0074, 0.0078, 0.0086, 0.0082, 0.0081, 0.0084, 0.0081,
         0.0080],
        [0.0090, 0.0091, 0.0081, 0.0085, 0.0095, 0.0090, 0.0089, 0.0094, 0.0089,
         0.0087]], device='cuda:0', grad_fn=<AddBackward0>)
Median cluster size=0.3983738422393799 mean=0.39836618304252625 min=0.3893689513206482 max=0.40378478169441223
Transformed distances:
tensor([[-108.0940, -109.7403, -122.6199, -114.3236, -105.7551, -110.6406,
         -111.0673, -102.6723, -110.7046, -113.4012],
        [-112.2280, -113.1167, -126.2863, -118.8373, -108.5067, -113.4334,
         -114.6721, -107.2348, -114.7389, -117.2358],
        [-118.2622, -114.0294, -128.1726, -124.2780, -108.0582, -113.3212,
         -114.6412, -115.8262, -118.5280, -120.0169]], device='cuda:0',
       grad_fn=<NegBackward>)
Probabilities:
tensor([[0.0092, 0.0090, 0.0081, 0.0087, 0.0094, 0.0090, 0.0089, 0.0096, 0.0090,
         0.0087],
        [0.0088, 0.0088, 0.0079, 0.0083, 0.0091, 0.0087, 0.0086, 0.0092, 0.0086,
         0.0085],
        [0.0084, 0.0087, 0.0077, 0.0080, 0.0092, 0.0087, 0.0086, 0.0086, 0.0084,
         0.0083]], device='cuda:0', grad_fn=<AddBackward0>)
Median cluster size=0.39832043647766113 mean=0.3983526825904846 min=0.38943618535995483 max=0.40368831157684326
Transformed distances:
tensor([[-120.1109, -116.7840, -131.0639, -125.7131, -111.5359, -116.9917,
         -117.9182, -116.1674, -120.6491, -122.4166],
        [-110.4653, -105.7752, -119.8946, -116.6215, -100.6844, -105.5917,
         -106.9511, -106.7144, -110.4462, -112.5934],
        [-102.0345, -106.6742, -118.5138, -108.3841, -102.8891, -106.3722,
         -106.8804,  -96.8332, -106.1806, -108.6900]], device='cuda:0',
       grad_fn=<NegBackward>)
Probabilities:
tensor([[0.0083, 0.0085, 0.0076, 0.0079, 0.0089, 0.0085, 0.0084, 0.0085, 0.0082,
         0.0081],
        [0.0090, 0.0094, 0.0083, 0.0085, 0.0098, 0.0094, 0.0093, 0.0093, 0.0090,
         0.0088],
        [0.0097, 0.0093, 0.0084, 0.0091, 0.0096, 0.0093, 0.0093, 0.0102, 0.0093,
         0.0091]], device='cuda:0', grad_fn=<AddBackward0>)
Median cluster size=0.39820003509521484 mean=0.39832863211631775 min=0.38942092657089233 max=0.4035639464855194
Transformed distances:
tensor([[-118.0406, -116.8992, -131.3952, -122.8976, -112.5068, -117.4945,
         -118.3778, -112.9739, -119.8525, -121.3536],
        [-118.6055, -114.2615, -128.7185, -124.0192, -109.2481, -114.3998,
         -115.2548, -114.5009, -119.4646, -120.7204],
        [-100.7363, -102.4985, -115.9208, -106.9547,  -99.3273, -103.9141,
         -104.4011,  -93.9334, -103.9189, -106.5163]], device='cuda:0',
       grad_fn=<NegBackward>)
Probabilities:
tensor([[0.0084, 0.0085, 0.0076, 0.0081, 0.0088, 0.0084, 0.0084, 0.0088, 0.0083,
         0.0082],
        [0.0084, 0.0087, 0.0077, 0.0080, 0.0091, 0.0087, 0.0086, 0.0087, 0.0083,
         0.0082],
        [0.0098, 0.0097, 0.0086, 0.0093, 0.0100, 0.0095, 0.0095, 0.0105, 0.0095,
         0.0093]], device='cuda:0', grad_fn=<AddBackward0>)
Median cluster size=0.39824604988098145 mean=0.3983040452003479 min=0.3893323838710785 max=0.4036219120025635
Transformed distances:
tensor([[-122.2921, -118.7532, -133.6448, -126.9538, -114.3066, -119.0995,
         -120.1740, -116.9973, -123.5683, -124.3320],
        [-105.3354, -104.5624, -118.8187, -110.8485, -101.5890, -105.9670,
         -106.7874,  -97.8873, -107.8374, -109.7066],
        [-115.0419, -113.6818, -128.3205, -119.6333, -109.5605, -114.4463,
         -115.2137, -109.1896, -117.1325, -118.1756]], device='cuda:0',
       grad_fn=<NegBackward>)
Probabilities:
tensor([[0.0081, 0.0084, 0.0074, 0.0078, 0.0087, 0.0083, 0.0083, 0.0085, 0.0080,
         0.0080],
        [0.0094, 0.0095, 0.0083, 0.0089, 0.0097, 0.0093, 0.0093, 0.0101, 0.0092,
         0.0090],
        [0.0086, 0.0087, 0.0077, 0.0083, 0.0090, 0.0087, 0.0086, 0.0091, 0.0085,
         0.0084]], device='cuda:0', grad_fn=<AddBackward0>)
Median cluster size=0.3982187509536743 mean=0.39827507734298706 min=0.3891783356666565 max=0.4036175310611725
Transformed distances:
tensor([[-120.8492, -118.4305, -133.8009, -125.5355, -114.4306, -118.9379,
         -120.1622, -114.9221, -123.3380, -123.5347],
        [-113.2926, -111.6665, -126.2590, -118.0357, -107.9948, -112.4952,
         -113.4754, -107.1154, -115.8224, -116.7962],
        [-109.7693, -107.6591, -122.3162, -115.3973, -104.4738, -108.9235,
         -109.7840, -102.1472, -111.8058, -113.2180]], device='cuda:0',
       grad_fn=<NegBackward>)
Probabilities:
tensor([[0.0082, 0.0084, 0.0074, 0.0079, 0.0087, 0.0083, 0.0083, 0.0086, 0.0080,
         0.0080],
        [0.0087, 0.0089, 0.0079, 0.0084, 0.0092, 0.0088, 0.0087, 0.0092, 0.0086,
         0.0085],
        [0.0090, 0.0092, 0.0081, 0.0086, 0.0095, 0.0091, 0.0090, 0.0097, 0.0089,
         0.0088]], device='cuda:0', grad_fn=<AddBackward0>)
Median cluster size=0.3983028531074524 mean=0.3982488512992859 min=0.38919952511787415 max=0.4035564363002777
Transformed distances:
tensor([[-120.7028, -117.9757, -133.1360, -125.4721, -113.9899, -118.6769,
         -119.7389, -114.6738, -123.3529, -123.5904],
        [-119.0272, -115.9777, -131.1726, -123.9167, -112.1768, -116.4398,
         -117.6010, -112.6640, -121.5730, -121.6227],
        [ -99.2011, -100.8897, -114.8577, -104.9310,  -99.1102, -101.8472,
         -102.7627,  -89.8586, -103.8454, -105.0409]], device='cuda:0',
       grad_fn=<NegBackward>)
Probabilities:
tensor([[0.0082, 0.0084, 0.0075, 0.0079, 0.0087, 0.0084, 0.0083, 0.0086, 0.0080,
         0.0080],
        [0.0083, 0.0085, 0.0076, 0.0080, 0.0088, 0.0085, 0.0084, 0.0088, 0.0082,
         0.0082],
        [0.0100, 0.0098, 0.0086, 0.0094, 0.0100, 0.0097, 0.0096, 0.0110, 0.0095,
         0.0094]], device='cuda:0', grad_fn=<AddBackward0>)
Median cluster size=0.3988680839538574 mean=0.39821773767471313 min=0.3895387351512909 max=0.40356045961380005
Transformed distances:
tensor([[-110.7897, -111.1875, -125.7139, -115.8562, -108.3990, -111.0509,
         -111.8546, -101.9059, -115.5450, -115.2850],
        [-121.4300, -117.7540, -132.7990, -127.0666, -113.7248, -118.0174,
         -118.6681, -115.0826, -124.4446, -124.0161],
        [-101.5162, -103.3107, -117.3901, -106.2086, -101.0974, -103.9047,
         -104.3611,  -93.1447, -106.3275, -107.1470]], device='cuda:0',
       grad_fn=<NegBackward>)
Probabilities:
tensor([[0.0089, 0.0089, 0.0079, 0.0086, 0.0091, 0.0089, 0.0089, 0.0097, 0.0086,
         0.0086],
        [0.0082, 0.0084, 0.0075, 0.0078, 0.0087, 0.0084, 0.0084, 0.0086, 0.0080,
         0.0080],
        [0.0098, 0.0096, 0.0084, 0.0093, 0.0098, 0.0095, 0.0095, 0.0106, 0.0093,
         0.0092]], device='cuda:0', grad_fn=<AddBackward0>)
Median cluster size=0.3984684646129608 mean=0.39818939566612244 min=0.3899686634540558 max=0.4035114049911499
Transformed distances:
tensor([[-113.8509, -113.1956, -128.1564, -118.0713, -110.1765, -113.2889,
         -113.4463, -106.0918, -118.3547, -117.3958],
        [-118.1335, -115.1176, -130.1616, -123.0616, -111.2394, -115.5996,
         -115.2142, -111.6665, -121.6408, -120.8078],
        [ -96.0103,  -97.2689, -110.9387, -101.9378,  -96.0576,  -98.3497,
          -98.2008,  -84.3588, -101.0168, -101.5505]], device='cuda:0',
       grad_fn=<NegBackward>)
Probabilities:
tensor([[0.0087, 0.0088, 0.0077, 0.0084, 0.0090, 0.0087, 0.0087, 0.0093, 0.0084,
         0.0084],
        [0.0084, 0.0086, 0.0076, 0.0081, 0.0089, 0.0086, 0.0086, 0.0089, 0.0082,
         0.0082],
        [0.0103, 0.0102, 0.0089, 0.0097, 0.0103, 0.0101, 0.0101, 0.0117, 0.0098,
         0.0098]], device='cuda:0', grad_fn=<AddBackward0>)
Median cluster size=0.39803367853164673 mean=0.39815691113471985 min=0.39029571413993835 max=0.40340524911880493
Transformed distances:
tensor([[-120.4929, -118.1467, -133.5936, -124.9665, -115.2411, -118.6717,
         -117.5714, -111.8902, -124.5576, -123.2740],
        [-102.1483, -104.2812, -118.4837, -105.6385, -102.3997, -104.2832,
         -104.0920,  -92.6672, -107.5403, -107.0846],
        [-111.9628, -108.9068, -123.6500, -117.3017, -106.0488, -109.7406,
         -108.8383, -102.8694, -115.2630, -114.6877]], device='cuda:0',
       grad_fn=<NegBackward>)
Probabilities:
tensor([[0.0082, 0.0084, 0.0074, 0.0079, 0.0086, 0.0084, 0.0084, 0.0089, 0.0080,
         0.0080],
        [0.0097, 0.0095, 0.0084, 0.0094, 0.0097, 0.0095, 0.0095, 0.0107, 0.0092,
         0.0093],
        [0.0089, 0.0091, 0.0080, 0.0085, 0.0093, 0.0090, 0.0091, 0.0096, 0.0086,
         0.0086]], device='cuda:0', grad_fn=<AddBackward0>)
Median cluster size=0.3980775475502014 mean=0.39812737703323364 min=0.3907150626182556 max=0.4032483398914337
Transformed distances:
tensor([[-122.3153, -118.3671, -134.0204, -127.0977, -115.0494, -118.4760,
         -116.7957, -113.9461, -126.2438, -124.0244],
        [ -98.6896,  -99.9997, -114.2677, -102.7225,  -98.9934, -100.5281,
          -99.3341,  -87.0942, -103.9464, -103.2361],
        [ -99.4681, -100.9815, -115.3788, -102.6808,  -99.4160, -101.7001,
         -100.4109,  -89.5068, -104.5528, -103.9682]], device='cuda:0',
       grad_fn=<NegBackward>)
Probabilities:
tensor([[0.0081, 0.0084, 0.0074, 0.0078, 0.0086, 0.0084, 0.0085, 0.0087, 0.0079,
         0.0080],
        [0.0100, 0.0099, 0.0087, 0.0096, 0.0100, 0.0098, 0.0100, 0.0114, 0.0095,
         0.0096],
        [0.0100, 0.0098, 0.0086, 0.0096, 0.0100, 0.0097, 0.0099, 0.0110, 0.0095,
         0.0095]], device='cuda:0', grad_fn=<AddBackward0>)
Median cluster size=0.3983282446861267 mean=0.39809656143188477 min=0.3910309672355652 max=0.40345755219459534
Transformed distances:
tensor([[ -99.1401, -101.1501, -115.7211, -102.9677, -100.1229, -101.4356,
          -99.6588,  -88.2057, -105.0525, -103.5057],
        [-102.6799, -100.9475, -115.3042, -108.5024,  -99.4511, -102.2297,
          -99.6669,  -91.4217, -107.0761, -105.7578],
        [-122.9653, -121.2325, -137.0495, -127.0091, -118.6544, -122.0545,
         -119.8305, -114.4252, -127.8755, -125.4919]], device='cuda:0',
       grad_fn=<NegBackward>)
Probabilities:
tensor([[0.0100, 0.0098, 0.0086, 0.0096, 0.0099, 0.0098, 0.0099, 0.0112, 0.0094,
         0.0096],
        [0.0096, 0.0098, 0.0086, 0.0091, 0.0100, 0.0097, 0.0099, 0.0108, 0.0093,
         0.0094],
        [0.0081, 0.0082, 0.0072, 0.0078, 0.0084, 0.0081, 0.0083, 0.0087, 0.0078,
         0.0079]], device='cuda:0', grad_fn=<AddBackward0>)
Median cluster size=0.39848631620407104 mean=0.3980681598186493 min=0.39143481850624084 max=0.4035939574241638
Transformed distances:
tensor([[ -96.6338,  -98.5125, -113.1828, -101.0518,  -98.1122,  -99.8337,
          -96.8440,  -85.2562, -102.6396, -101.1697],
        [-100.3209, -103.5450, -118.2278, -103.3041, -102.0354, -103.9044,
         -101.2675,  -91.4588, -106.6180, -104.7516],
        [-123.5030, -119.6177, -136.0414, -128.9325, -117.7998, -120.3602,
         -117.1261, -113.5768, -128.3183, -125.0177]], device='cuda:0',
       grad_fn=<NegBackward>)
Probabilities:
tensor([[0.0102, 0.0100, 0.0088, 0.0098, 0.0101, 0.0099, 0.0102, 0.0116, 0.0096,
         0.0098],
        [0.0099, 0.0096, 0.0084, 0.0096, 0.0097, 0.0095, 0.0098, 0.0108, 0.0093,
         0.0095],
        [0.0080, 0.0083, 0.0073, 0.0077, 0.0084, 0.0082, 0.0085, 0.0087, 0.0077,
         0.0079]], device='cuda:0', grad_fn=<AddBackward0>)
Median cluster size=0.39879247546195984 mean=0.398047536611557 min=0.39157986640930176 max=0.4036630094051361
Transformed distances:
tensor([[-117.6752, -112.8769, -129.5572, -124.0517, -111.0955, -113.1085,
         -109.7552, -107.6489, -122.5182, -118.4102],
        [ -87.8720,  -93.3817, -107.3148,  -91.3503,  -93.1727,  -93.5701,
          -91.1316,  -78.3504,  -94.6328,  -93.5183],
        [-110.5967, -111.5902, -127.9296, -114.0670, -110.9880, -112.1867,
         -108.7752, -100.4951, -116.6322, -113.4887]], device='cuda:0',
       grad_fn=<NegBackward>)
Probabilities:
tensor([[0.0084, 0.0088, 0.0077, 0.0080, 0.0089, 0.0088, 0.0090, 0.0092, 0.0081,
         0.0084],
        [0.0113, 0.0106, 0.0092, 0.0108, 0.0106, 0.0106, 0.0109, 0.0126, 0.0105,
         0.0106],
        [0.0090, 0.0089, 0.0078, 0.0087, 0.0089, 0.0088, 0.0091, 0.0099, 0.0085,
         0.0087]], device='cuda:0', grad_fn=<AddBackward0>)
Median cluster size=0.3990001976490021 mean=0.39802366495132446 min=0.39131760597229004 max=0.40388253331184387
Transformed distances:
tensor([[-110.5011, -112.4475, -128.9550, -114.0312, -111.6967, -112.5117,
         -109.3173, -102.2633, -117.1647, -113.2325],
        [-112.5602, -109.8227, -126.9424, -118.7629, -109.9469, -111.6818,
         -108.3191, -102.0974, -117.7812, -114.5246],
        [-102.6480, -101.4442, -117.9200, -108.6760, -102.1302, -102.6134,
          -99.0863,  -90.9165, -108.5070, -105.5470]], device='cuda:0',
       grad_fn=<NegBackward>)
Probabilities:
tensor([[0.0090, 0.0088, 0.0077, 0.0087, 0.0089, 0.0088, 0.0091, 0.0097, 0.0085,
         0.0088],
        [0.0088, 0.0090, 0.0078, 0.0083, 0.0090, 0.0089, 0.0091, 0.0097, 0.0084,
         0.0087],
        [0.0096, 0.0098, 0.0084, 0.0091, 0.0097, 0.0097, 0.0100, 0.0109, 0.0091,
         0.0094]], device='cuda:0', grad_fn=<AddBackward0>)
Median cluster size=0.3991208076477051 mean=0.3979990482330322 min=0.3910157084465027 max=0.4040292501449585
Transformed distances:
tensor([[ -93.3758,  -95.1019, -110.9065,  -99.2534,  -96.5871,  -96.2984,
          -93.2796,  -81.3992, -100.3815,  -97.8537],
        [-111.1803, -110.8538, -128.7617, -116.0388, -111.5026, -111.3661,
         -107.8132, -101.4230, -117.8035, -113.3500],
        [-116.3297, -114.7257, -132.2944, -121.5411, -114.7337, -115.9584,
         -112.0558, -108.0313, -122.5692, -118.5750]], device='cuda:0',
       grad_fn=<NegBackward>)
Probabilities:
tensor([[0.0106, 0.0104, 0.0089, 0.0100, 0.0102, 0.0103, 0.0106, 0.0121, 0.0099,
         0.0101],
        [0.0089, 0.0089, 0.0077, 0.0085, 0.0089, 0.0089, 0.0092, 0.0098, 0.0084,
         0.0087],
        [0.0085, 0.0086, 0.0075, 0.0082, 0.0086, 0.0086, 0.0088, 0.0092, 0.0081,
         0.0084]], device='cuda:0', grad_fn=<AddBackward0>)
Median cluster size=0.39916113018989563 mean=0.3979743719100952 min=0.3908810019493103 max=0.40410831570625305
Transformed distances:
tensor([[-120.2634, -116.9010, -135.8897, -125.4972, -117.1184, -116.9434,
         -113.3567, -111.8174, -126.5042, -121.7256],
        [ -82.1669,  -86.3105, -101.5806,  -88.6466,  -90.4745,  -86.8925,
          -84.6996,  -68.7082,  -90.1779,  -88.9734],
        [ -96.5687,  -99.4521, -116.1458, -101.4444, -100.2240,  -99.2847,
          -95.6211,  -88.0768, -103.6011,  -99.9984]], device='cuda:0',
       grad_fn=<NegBackward>)
Probabilities:
tensor([[0.0082, 0.0085, 0.0073, 0.0079, 0.0085, 0.0085, 0.0087, 0.0089, 0.0078,
         0.0081],
        [0.0120, 0.0115, 0.0097, 0.0112, 0.0109, 0.0114, 0.0117, 0.0143, 0.0110,
         0.0111],
        [0.0102, 0.0100, 0.0085, 0.0098, 0.0099, 0.0100, 0.0103, 0.0112, 0.0096,
         0.0099]], device='cuda:0', grad_fn=<AddBackward0>)
Median cluster size=0.3991236090660095 mean=0.3979461193084717 min=0.39068934321403503 max=0.404315322637558
Transformed distances:
tensor([[ -79.1965,  -84.5219,  -99.0555,  -85.9281,  -88.3719,  -84.8296,
          -82.0134,  -66.6247,  -87.5812,  -86.1376],
        [-112.6770, -109.9436, -128.9565, -118.3231, -111.1356, -110.1235,
         -106.5130, -104.0120, -119.0285, -114.7901],
        [-112.5695, -112.2532, -131.3387, -117.7116, -113.2649, -111.6420,
         -107.6846, -103.6850, -119.4502, -114.4873]], device='cuda:0',
       grad_fn=<NegBackward>)
Probabilities:
tensor([[0.0125, 0.0117, 0.0100, 0.0115, 0.0112, 0.0117, 0.0120, 0.0148, 0.0113,
         0.0115],
        [0.0088, 0.0090, 0.0077, 0.0084, 0.0089, 0.0090, 0.0093, 0.0095, 0.0083,
         0.0086],
        [0.0088, 0.0088, 0.0076, 0.0084, 0.0088, 0.0089, 0.0092, 0.0096, 0.0083,
         0.0087]], device='cuda:0', grad_fn=<AddBackward0>)
Median cluster size=0.3990163505077362 mean=0.3979171812534332 min=0.39065325260162354 max=0.40444543957710266
Transformed distances:
tensor([[ -73.6343,  -79.5107,  -93.9008,  -80.7204,  -84.8527,  -79.4341,
          -76.9510,  -60.0602,  -82.0247,  -81.3735],
        [-104.2045, -105.0796, -123.9730, -109.7032, -107.3143, -104.4927,
         -100.1263,  -95.5549, -111.3066, -107.1327],
        [-118.0394, -114.9538, -135.3523, -123.8152, -116.1730, -114.4446,
         -110.7382, -109.6040, -124.5992, -119.9347]], device='cuda:0',
       grad_fn=<NegBackward>)
Probabilities:
tensor([[0.0134, 0.0124, 0.0105, 0.0122, 0.0116, 0.0124, 0.0128, 0.0164, 0.0120,
         0.0121],
        [0.0095, 0.0094, 0.0080, 0.0090, 0.0092, 0.0095, 0.0099, 0.0104, 0.0089,
         0.0092],
        [0.0084, 0.0086, 0.0073, 0.0080, 0.0085, 0.0087, 0.0089, 0.0090, 0.0080,
         0.0083]], device='cuda:0', grad_fn=<AddBackward0>)
Median cluster size=0.39884355664253235 mean=0.3978919982910156 min=0.3907657861709595 max=0.40450307726860046
Transformed distances:
tensor([[ -88.6303,  -94.7023, -111.6014,  -94.8372,  -97.8891,  -93.1219,
          -88.6754,  -79.7923,  -96.5728,  -93.8988],
        [ -82.3300,  -87.3963, -103.5902,  -88.4139,  -90.7738,  -86.9771,
          -82.0743,  -73.7495,  -89.6432,  -87.7356],
        [-120.7260, -115.5647, -137.0595, -126.6191, -116.9065, -113.4676,
         -110.8941, -110.4337, -127.0023, -121.4680]], device='cuda:0',
       grad_fn=<NegBackward>)
Probabilities:
tensor([[0.0112, 0.0104, 0.0089, 0.0104, 0.0101, 0.0106, 0.0112, 0.0124, 0.0102,
         0.0105],
        [0.0120, 0.0113, 0.0096, 0.0112, 0.0109, 0.0114, 0.0120, 0.0134, 0.0110,
         0.0113],
        [0.0082, 0.0086, 0.0072, 0.0078, 0.0085, 0.0087, 0.0089, 0.0090, 0.0078,
         0.0082]], device='cuda:0', grad_fn=<AddBackward0>)
Median cluster size=0.3986104130744934 mean=0.39786845445632935 min=0.39105224609375 max=0.4044945240020752
Transformed distances:
tensor([[ -61.9922,  -69.3408,  -81.3363,  -68.7536,  -74.9580,  -68.4857,
          -65.4197,  -48.9712,  -69.3589,  -70.2784],
        [-111.2771, -108.3540, -129.5564, -117.5436, -110.1693, -107.6081,
         -104.2627, -102.1703, -117.4279, -113.9232],
        [-112.7387, -112.5295, -133.4329, -118.7054, -114.8788, -111.1458,
         -106.7345, -102.7623, -119.2795, -115.4143]], device='cuda:0',
       grad_fn=<NegBackward>)
Probabilities:
tensor([[0.0159, 0.0142, 0.0121, 0.0143, 0.0132, 0.0144, 0.0151, 0.0200, 0.0142,
         0.0140],
        [0.0089, 0.0091, 0.0077, 0.0084, 0.0090, 0.0092, 0.0095, 0.0097, 0.0084,
         0.0087],
        [0.0088, 0.0088, 0.0074, 0.0084, 0.0086, 0.0089, 0.0093, 0.0096, 0.0083,
         0.0086]], device='cuda:0', grad_fn=<AddBackward0>)
Median cluster size=0.39831918478012085 mean=0.39784538745880127 min=0.39056596159935 max=0.40442147850990295
Transformed distances:
tensor([[-124.4108, -121.9097, -144.5091, -130.0752, -123.8356, -120.7990,
         -116.8767, -114.1714, -131.0034, -127.2386],
        [ -72.8961,  -77.2453,  -92.1838,  -79.2687,  -80.6752,  -75.2357,
          -72.8459,  -59.8936,  -79.2378,  -79.1284],
        [ -85.8012,  -89.5682, -106.5541,  -91.4852,  -92.4911,  -87.8530,
          -83.3012,  -75.5919,  -91.6349,  -90.3780]], device='cuda:0',
       grad_fn=<NegBackward>)
Probabilities:
tensor([[0.0080, 0.0081, 0.0069, 0.0076, 0.0080, 0.0082, 0.0085, 0.0087, 0.0076,
         0.0078],
        [0.0135, 0.0128, 0.0107, 0.0125, 0.0122, 0.0131, 0.0135, 0.0164, 0.0125,
         0.0125],
        [0.0115, 0.0110, 0.0093, 0.0108, 0.0107, 0.0113, 0.0119, 0.0131, 0.0108,
         0.0109]], device='cuda:0', grad_fn=<AddBackward0>)
Median cluster size=0.39817920327186584 mean=0.39782455563545227 min=0.3899073004722595 max=0.4048234820365906
Transformed distances:
tensor([[ -82.9690,  -86.8234, -103.7433,  -88.4930,  -89.4519,  -84.5505,
          -79.8932,  -73.0843,  -88.2386,  -87.5227],
        [ -84.0763,  -88.0104, -105.9379,  -89.3968,  -90.5552,  -85.3803,
          -81.5648,  -73.7371,  -89.8260,  -88.6404],
        [-116.6860, -113.4693, -136.5576, -122.3777, -115.6298, -111.6827,
         -108.3881, -105.7995, -122.6528, -119.4001]], device='cuda:0',
       grad_fn=<NegBackward>)
Probabilities:
tensor([[0.0119, 0.0114, 0.0095, 0.0112, 0.0111, 0.0117, 0.0124, 0.0135, 0.0112,
         0.0113],
        [0.0118, 0.0112, 0.0094, 0.0111, 0.0109, 0.0116, 0.0121, 0.0134, 0.0110,
         0.0112],
        [0.0085, 0.0087, 0.0073, 0.0081, 0.0086, 0.0089, 0.0091, 0.0094, 0.0081,
         0.0083]], device='cuda:0', grad_fn=<AddBackward0>)
Median cluster size=0.3982609212398529 mean=0.3978111743927002 min=0.3892301619052887 max=0.4052087366580963
Transformed distances:
tensor([[ -86.5541,  -90.6472, -108.5795,  -91.5832,  -92.8358,  -87.0680,
          -82.9381,  -75.8107,  -91.5031,  -90.5694],
        [ -96.6287,  -99.4469, -118.3674, -101.4022, -101.0655,  -96.2163,
          -91.0364,  -86.4236, -101.2975,  -99.7528],
        [-109.4409, -105.9967, -128.6443, -115.0423, -107.1554, -104.0515,
         -101.7905,  -98.1510, -115.0218, -112.0037]], device='cuda:0',
       grad_fn=<NegBackward>)
Probabilities:
tensor([[0.0114, 0.0109, 0.0091, 0.0108, 0.0107, 0.0114, 0.0119, 0.0130, 0.0108,
         0.0109],
        [0.0102, 0.0100, 0.0084, 0.0098, 0.0098, 0.0103, 0.0109, 0.0114, 0.0098,
         0.0099],
        [0.0091, 0.0093, 0.0077, 0.0086, 0.0092, 0.0095, 0.0097, 0.0101, 0.0086,
         0.0088]], device='cuda:0', grad_fn=<AddBackward0>)
Median cluster size=0.39826101064682007 mean=0.39780116081237793 min=0.388538658618927 max=0.4055057168006897
Transformed distances:
tensor([[ -89.8317,  -93.6047, -111.5442,  -94.3837,  -94.2613,  -89.9215,
          -84.4814,  -79.5727,  -93.9515,  -92.7600],
        [-119.6615, -115.5939, -140.9168, -125.0512, -116.9567, -112.2780,
         -110.2894, -107.6968, -125.2666, -121.5895],
        [ -79.1756,  -83.6898, -100.1872,  -83.7126,  -84.4374,  -80.2049,
          -75.1905,  -69.0604,  -83.0512,  -82.7524]], device='cuda:0',
       grad_fn=<NegBackward>)
Probabilities:
tensor([[0.0110, 0.0106, 0.0089, 0.0105, 0.0105, 0.0110, 0.0117, 0.0124, 0.0105,
         0.0107],
        [0.0083, 0.0086, 0.0070, 0.0079, 0.0085, 0.0088, 0.0090, 0.0092, 0.0079,
         0.0082],
        [0.0125, 0.0118, 0.0099, 0.0118, 0.0117, 0.0123, 0.0131, 0.0143, 0.0119,
         0.0119]], device='cuda:0', grad_fn=<AddBackward0>)
Median cluster size=0.3981843888759613 mean=0.3977903425693512 min=0.3878321647644043 max=0.40572023391723633
Transformed distances:
tensor([[ -94.0300,  -90.2012, -112.9585,  -99.3958,  -91.2035,  -87.3694,
          -87.1183,  -81.8479,  -98.7062,  -96.7306],
        [-115.9253, -116.2923, -139.1663, -120.5298, -116.3799, -111.9641,
         -107.0984, -104.6431, -119.6445, -117.7821],
        [ -49.3035,  -57.2910,  -67.3487,  -53.6892,  -57.8943,  -53.5426,
          -49.7598,  -38.9096,  -52.5095,  -55.3416]], device='cuda:0',
       grad_fn=<NegBackward>)
Probabilities:
tensor([[0.0105, 0.0110, 0.0088, 0.0100, 0.0108, 0.0113, 0.0113, 0.0121, 0.0100,
         0.0102],
        [0.0086, 0.0085, 0.0071, 0.0082, 0.0085, 0.0089, 0.0093, 0.0095, 0.0083,
         0.0084],
        [0.0199, 0.0172, 0.0146, 0.0183, 0.0170, 0.0183, 0.0197, 0.0251, 0.0187,
         0.0177]], device='cuda:0', grad_fn=<AddBackward0>)
Median cluster size=0.3980247676372528 mean=0.3977603316307068 min=0.387099027633667 max=0.4062817096710205
Transformed distances:
tensor([[ -98.1332, -100.0116, -120.3340, -101.9405,  -99.5763,  -95.1614,
          -89.9616,  -86.4309, -100.7368, -100.1239],
        [-109.0991, -105.9210, -130.9375, -114.0713, -106.9012, -102.0220,
         -101.0025,  -95.8916, -113.4068, -111.2864],
        [ -83.5163,  -87.3094, -104.5828,  -86.9196,  -86.4068,  -82.7727,
          -76.7453,  -72.8213,  -85.6361,  -86.0476]], device='cuda:0',
       grad_fn=<NegBackward>)
Probabilities:
tensor([[0.0101, 0.0099, 0.0082, 0.0097, 0.0099, 0.0104, 0.0110, 0.0114, 0.0098,
         0.0099],
        [0.0091, 0.0094, 0.0076, 0.0087, 0.0093, 0.0097, 0.0098, 0.0103, 0.0087,
         0.0089],
        [0.0118, 0.0113, 0.0095, 0.0114, 0.0114, 0.0119, 0.0129, 0.0135, 0.0115,
         0.0115]], device='cuda:0', grad_fn=<AddBackward0>)
Median cluster size=0.3978045880794525 mean=0.3977353572845459 min=0.3863559663295746 max=0.40674644708633423
Transformed distances:
tensor([[-131.0606, -126.6500, -155.2686, -135.4152, -127.6573, -121.4250,
         -119.6856, -116.7223, -135.1537, -132.1538],
        [ -46.7944,  -52.8305,  -64.3065,  -51.0369,  -54.0635,  -49.1086,
          -46.8069,  -34.4389,  -50.1311,  -52.7428],
        [ -40.3917,  -47.7762,  -55.8961,  -44.0633,  -49.6495,  -44.3476,
          -41.2905,  -27.5797,  -43.1429,  -46.4608]], device='cuda:0',
       grad_fn=<NegBackward>)
Probabilities:
tensor([[0.0076, 0.0078, 0.0064, 0.0073, 0.0078, 0.0082, 0.0083, 0.0085, 0.0073,
         0.0075],
        [0.0209, 0.0186, 0.0153, 0.0192, 0.0182, 0.0200, 0.0209, 0.0282, 0.0196,
         0.0186],
        [0.0242, 0.0205, 0.0176, 0.0222, 0.0197, 0.0221, 0.0236, 0.0350, 0.0227,
         0.0211]], device='cuda:0', grad_fn=<AddBackward0>)
Median cluster size=0.39749038219451904 mean=0.3976699709892273 min=0.38556671142578125 max=0.40754434466362
Transformed distances:
tensor([[ -38.1011,  -44.6450,  -52.9041,  -42.1864,  -46.6805,  -41.4926,
          -38.5243,  -25.1655,  -41.2740,  -43.8815],
        [-118.2428, -115.2763, -142.5627, -122.3500, -115.7382, -110.6165,
         -107.6903, -104.0044, -121.3782, -120.1826],
        [-100.8311,  -99.5788, -124.1479, -104.8261,  -99.4657,  -94.3192,
          -92.3289,  -86.9505, -103.5908, -103.0527]], device='cuda:0',
       grad_fn=<NegBackward>)
Probabilities:
tensor([[0.0256, 0.0219, 0.0186, 0.0232, 0.0210, 0.0235, 0.0253, 0.0382, 0.0237,
         0.0223],
        [0.0084, 0.0086, 0.0070, 0.0081, 0.0086, 0.0090, 0.0092, 0.0095, 0.0082,
         0.0083],
        [0.0098, 0.0099, 0.0080, 0.0094, 0.0100, 0.0105, 0.0107, 0.0114, 0.0096,
         0.0096]], device='cuda:0', grad_fn=<AddBackward0>)
Median cluster size=0.3971080482006073 mean=0.3975856304168701 min=0.3847511410713196 max=0.40848302841186523
Transformed distances:
tensor([[ -38.2876,  -44.2557,  -53.8767,  -42.4363,  -45.1664,  -40.8341,
          -37.4844,  -26.3901,  -40.5850,  -43.5439],
        [ -79.1067,  -79.5391,  -99.9380,  -83.0558,  -79.0058,  -74.8601,
          -70.6035,  -66.2239,  -80.5379,  -81.1929],
        [-122.5026, -118.1800, -147.5253, -126.1512, -119.2355, -112.5522,
         -111.5435, -105.9431, -125.3647, -124.1584]], device='cuda:0',
       grad_fn=<NegBackward>)
Probabilities:
tensor([[0.0255, 0.0221, 0.0182, 0.0230, 0.0217, 0.0239, 0.0260, 0.0365, 0.0240,
         0.0224],
        [0.0125, 0.0124, 0.0099, 0.0119, 0.0125, 0.0132, 0.0140, 0.0149, 0.0123,
         0.0122],
        [0.0081, 0.0084, 0.0067, 0.0079, 0.0083, 0.0088, 0.0089, 0.0094, 0.0079,
         0.0080]], device='cuda:0', grad_fn=<AddBackward0>)
Median cluster size=0.3966588079929352 mean=0.39751413464546204 min=0.38390833139419556 max=0.40928229689598083
Transformed distances:
tensor([[ -72.9570,  -73.5908,  -94.6917,  -77.6185,  -74.0400,  -68.6343,
          -66.8037,  -59.1953,  -75.6714,  -76.5984],
        [-110.0897, -107.4446, -134.5932, -114.4370, -107.4706, -101.5745,
          -98.2471,  -95.4182, -112.2279, -111.8907],
        [ -43.0819,  -47.0537,  -60.5255,  -47.8304,  -47.9450,  -42.6193,
          -41.7588,  -29.7128,  -46.5942,  -48.7662]], device='cuda:0',
       grad_fn=<NegBackward>)
Probabilities:
tensor([[0.0135, 0.0134, 0.0105, 0.0127, 0.0133, 0.0144, 0.0147, 0.0166, 0.0130,
         0.0129],
        [0.0090, 0.0092, 0.0074, 0.0087, 0.0092, 0.0097, 0.0101, 0.0104, 0.0088,
         0.0089],
        [0.0227, 0.0208, 0.0163, 0.0205, 0.0204, 0.0229, 0.0234, 0.0326, 0.0210,
         0.0201]], device='cuda:0', grad_fn=<AddBackward0>)
Median cluster size=0.39615103602409363 mean=0.3974303603172302 min=0.38304299116134644 max=0.4101894497871399
Transformed distances:
tensor([[ -45.8613,  -49.0933,  -63.3364,  -50.6614,  -49.5206,  -45.4358,
          -41.3717,  -34.8679,  -48.0617,  -50.3842],
        [-114.3251, -111.2748, -140.8089, -118.5374, -111.8453, -104.2938,
         -103.2941,  -97.0112, -116.6387, -116.4964],
        [ -63.3194,  -63.8464,  -83.4423,  -68.2721,  -64.1820,  -59.1356,
          -56.9328,  -50.4041,  -65.3804,  -67.1872]], device='cuda:0',
       grad_fn=<NegBackward>)
Probabilities:
tensor([[0.0213, 0.0200, 0.0155, 0.0194, 0.0198, 0.0215, 0.0236, 0.0279, 0.0204,
         0.0195],
        [0.0087, 0.0089, 0.0071, 0.0084, 0.0089, 0.0095, 0.0096, 0.0102, 0.0085,
         0.0085],
        [0.0155, 0.0154, 0.0118, 0.0144, 0.0153, 0.0166, 0.0173, 0.0195, 0.0151,
         0.0147]], device='cuda:0', grad_fn=<AddBackward0>)
Median cluster size=0.3957352340221405 mean=0.3973618745803833 min=0.38256093859672546 max=0.4109644591808319
Transformed distances:
tensor([[ -44.1602,  -47.6678,  -62.2802,  -49.7048,  -48.1111,  -43.7873,
          -40.6728,  -33.5842,  -47.0362,  -49.8091],
        [ -26.4269,  -31.7457,  -40.3964,  -31.2511,  -32.5947,  -28.8934,
          -26.4553,  -16.8265,  -29.6926,  -33.3461],
        [-123.5187, -119.8547, -151.4316, -128.4073, -121.0022, -112.3150,
         -111.7372, -105.1627, -126.2206, -126.4729]], device='cuda:0',
       grad_fn=<NegBackward>)
Probabilities:
tensor([[0.0221, 0.0205, 0.0158, 0.0197, 0.0204, 0.0223, 0.0240, 0.0289, 0.0208,
         0.0197],
        [0.0365, 0.0305, 0.0242, 0.0310, 0.0298, 0.0335, 0.0364, 0.0561, 0.0326,
         0.0291],
        [0.0080, 0.0083, 0.0066, 0.0077, 0.0082, 0.0088, 0.0089, 0.0094, 0.0079,
         0.0078]], device='cuda:0', grad_fn=<AddBackward0>)
Median cluster size=0.39571768045425415 mean=0.3972792327404022 min=0.3819929361343384 max=0.4119240641593933
Transformed distances:
tensor([[-106.9234, -104.6435, -132.9537, -113.2068, -104.7410,  -98.2644,
          -94.1989,  -91.7243, -109.4315, -110.0337],
        [ -56.5374,  -58.9119,  -77.0547,  -62.6158,  -59.2042,  -54.0167,
          -51.5487,  -43.5214,  -59.2926,  -61.1997],
        [ -59.9022,  -62.4119,  -82.5569,  -65.6783,  -63.4567,  -56.8139,
          -57.5938,  -44.1944,  -63.5906,  -65.8444]], device='cuda:0',
       grad_fn=<NegBackward>)
Probabilities:
tensor([[0.0093, 0.0095, 0.0075, 0.0088, 0.0095, 0.0101, 0.0105, 0.0108, 0.0091,
         0.0090],
        [0.0174, 0.0167, 0.0128, 0.0157, 0.0166, 0.0182, 0.0190, 0.0225, 0.0166,
         0.0161],
        [0.0164, 0.0158, 0.0120, 0.0150, 0.0155, 0.0173, 0.0171, 0.0221, 0.0155,
         0.0150]], device='cuda:0', grad_fn=<AddBackward0>)
Median cluster size=0.3958231806755066 mean=0.3972089886665344 min=0.3813847303390503 max=0.41275280714035034
Transformed distances:
tensor([[ -23.0029,  -28.5838,  -36.6826,  -28.2633,  -29.5830,  -26.2279,
          -23.3666,  -14.2452,  -26.5217,  -29.6049],
        [-113.9623, -111.7266, -142.3004, -119.5420, -112.4001, -104.1961,
         -102.3097,  -95.8518, -117.1883, -117.3956],
        [ -82.8072,  -82.5402, -107.3062,  -88.3941,  -82.6499,  -76.5296,
          -73.9021,  -67.9249,  -85.4366,  -86.6765]], device='cuda:0',
       grad_fn=<NegBackward>)
Probabilities:
tensor([[0.0417, 0.0338, 0.0265, 0.0342, 0.0327, 0.0367, 0.0410, 0.0656, 0.0363,
         0.0327],
        [0.0087, 0.0089, 0.0070, 0.0083, 0.0088, 0.0095, 0.0097, 0.0103, 0.0085,
         0.0084],
        [0.0119, 0.0120, 0.0092, 0.0112, 0.0120, 0.0129, 0.0134, 0.0145, 0.0116,
         0.0114]], device='cuda:0', grad_fn=<AddBackward0>)
Median cluster size=0.39578837156295776 mean=0.39711299538612366 min=0.38071414828300476 max=0.4137703478336334
Transformed distances:
tensor([[-110.3255, -108.7888, -140.4178, -115.4007, -110.2459, -101.1091,
         -101.3932,  -89.3243, -113.9511, -114.7351],
        [ -28.8716,  -33.3734,  -44.8993,  -34.1869,  -34.8377,  -31.1393,
          -27.1658,  -19.9356,  -31.7664,  -34.6115],
        [ -99.7395,  -98.6543, -126.3457, -105.4219,  -99.0325,  -92.0805,
          -87.8077,  -83.6671, -102.4963, -103.2768]], device='cuda:0',
       grad_fn=<NegBackward>)
Probabilities:
tensor([[0.0090, 0.0091, 0.0071, 0.0086, 0.0090, 0.0098, 0.0098, 0.0111, 0.0087,
         0.0086],
        [0.0335, 0.0291, 0.0218, 0.0284, 0.0279, 0.0311, 0.0355, 0.0478, 0.0305,
         0.0281],
        [0.0099, 0.0100, 0.0079, 0.0094, 0.0100, 0.0107, 0.0113, 0.0118, 0.0097,
         0.0096]], device='cuda:0', grad_fn=<AddBackward0>)
Median cluster size=0.39587321877479553 mean=0.39702296257019043 min=0.3800027668476105 max=0.4146457612514496
Transformed distances:
tensor([[ -93.1500,  -93.1545, -120.0760,  -99.0498,  -93.4744,  -86.6359,
          -82.0635,  -77.2965,  -96.2452,  -96.8186],
        [ -95.6025,  -95.1330, -124.7526, -100.8169,  -96.6852,  -88.2788,
          -88.2845,  -75.8523,  -99.3060, -100.9335],
        [ -56.6528,  -58.4512,  -78.2089,  -62.4782,  -58.9143,  -54.5702,
          -49.5033,  -45.3627,  -59.4164,  -61.1968]], device='cuda:0',
       grad_fn=<NegBackward>)
Probabilities:
tensor([[0.0106, 0.0106, 0.0083, 0.0100, 0.0106, 0.0114, 0.0120, 0.0128, 0.0103,
         0.0102],
        [0.0104, 0.0104, 0.0080, 0.0098, 0.0102, 0.0112, 0.0112, 0.0130, 0.0100,
         0.0098],
        [0.0173, 0.0168, 0.0126, 0.0158, 0.0167, 0.0180, 0.0198, 0.0216, 0.0166,
         0.0161]], device='cuda:0', grad_fn=<AddBackward0>)
Median cluster size=0.39586177468299866 mean=0.3969493806362152 min=0.37927454710006714 max=0.4154079556465149
Transformed distances:
tensor([[ -29.3587,  -33.7298,  -46.5455,  -35.0719,  -35.3252,  -31.7573,
          -27.5434,  -21.0170,  -32.6028,  -35.1516],
        [ -82.3369,  -82.7160, -109.2236,  -88.4054,  -83.9507,  -77.2497,
          -72.7767,  -67.3549,  -85.6873,  -87.0321],
        [-121.9631, -120.2018, -155.6507, -127.7223, -123.0309, -112.4828,
         -112.0240,  -99.4874, -127.0553, -127.7486]], device='cuda:0',
       grad_fn=<NegBackward>)
Probabilities:
tensor([[0.0329, 0.0288, 0.0210, 0.0277, 0.0275, 0.0305, 0.0350, 0.0454, 0.0298,
         0.0277],
        [0.0120, 0.0119, 0.0091, 0.0112, 0.0118, 0.0128, 0.0136, 0.0146, 0.0115,
         0.0114],
        [0.0081, 0.0083, 0.0064, 0.0078, 0.0081, 0.0088, 0.0088, 0.0100, 0.0078,
         0.0078]], device='cuda:0', grad_fn=<AddBackward0>)
Median cluster size=0.39573559165000916 mean=0.39686742424964905 min=0.3787025809288025 max=0.41605180501937866
Transformed distances:
tensor([[-113.0735, -111.6031, -145.9129, -118.8187, -114.4815, -104.5824,
         -102.9046,  -92.6905, -118.3767, -119.2067],
        [ -85.9591,  -86.3738, -114.9566,  -91.1793,  -87.8936,  -80.1017,
          -77.6395,  -68.9165,  -90.0230,  -91.4631],
        [ -19.4182,  -23.6651,  -33.4223,  -23.7581,  -25.3918,  -21.9969,
          -19.4496,  -11.2201,  -22.5136,  -25.3721]], device='cuda:0',
       grad_fn=<NegBackward>)
Probabilities:
tensor([[0.0088, 0.0089, 0.0068, 0.0083, 0.0087, 0.0095, 0.0096, 0.0107, 0.0084,
         0.0083],
        [0.0115, 0.0114, 0.0086, 0.0108, 0.0112, 0.0123, 0.0127, 0.0143, 0.0110,
         0.0108],
        [0.0490, 0.0405, 0.0291, 0.0404, 0.0379, 0.0435, 0.0489, 0.0818, 0.0425,
         0.0379]], device='cuda:0', grad_fn=<AddBackward0>)
Median cluster size=0.3954820930957794 mean=0.3967624604701996 min=0.37826162576675415 max=0.4169449806213379
Transformed distances:
tensor([[ -26.4321,  -29.3641,  -42.5085,  -30.9646,  -31.0435,  -27.6762,
          -23.9438,  -18.5113,  -29.1364,  -31.9525],
        [-132.8618, -131.1738, -170.1962, -138.4070, -135.6900, -123.5940,
         -123.6446, -107.4561, -139.6461, -140.4278],
        [ -21.7427,  -25.2509,  -36.3876,  -26.3212,  -27.5181,  -24.1649,
          -20.2574,  -14.3500,  -24.6994,  -27.5462]], device='cuda:0',
       grad_fn=<NegBackward>)
Probabilities:
tensor([[0.0365, 0.0329, 0.0230, 0.0313, 0.0312, 0.0349, 0.0401, 0.0513, 0.0332,
         0.0303],
        [0.0075, 0.0076, 0.0058, 0.0072, 0.0073, 0.0080, 0.0080, 0.0092, 0.0071,
         0.0071],
        [0.0440, 0.0381, 0.0267, 0.0366, 0.0351, 0.0397, 0.0470, 0.0651, 0.0389,
         0.0350]], device='cuda:0', grad_fn=<AddBackward0>)
Median cluster size=0.3958510458469391 mean=0.39667847752571106 min=0.3777073323726654 max=0.41767972707748413
Transformed distances:
tensor([[-134.7805, -133.5195, -173.3135, -140.1817, -138.5383, -126.1174,
         -125.5244, -108.1244, -141.2751, -143.3786],
        [ -26.1355,  -28.9812,  -42.0577,  -30.7162,  -30.8368,  -27.6577,
          -22.6799,  -18.0856,  -28.0854,  -31.5716],
        [ -43.1088,  -46.5014,  -64.5836,  -48.5354,  -48.1618,  -43.9180,
          -38.3777,  -33.3786,  -46.3587,  -49.1476]], device='cuda:0',
       grad_fn=<NegBackward>)
Probabilities:
tensor([[0.0074, 0.0074, 0.0057, 0.0071, 0.0072, 0.0079, 0.0079, 0.0092, 0.0070,
         0.0069],
        [0.0369, 0.0334, 0.0232, 0.0315, 0.0314, 0.0349, 0.0422, 0.0524, 0.0344,
         0.0307],
        [0.0227, 0.0211, 0.0152, 0.0202, 0.0203, 0.0223, 0.0254, 0.0291, 0.0211,
         0.0199]], device='cuda:0', grad_fn=<AddBackward0>)
Median cluster size=0.3960723280906677 mean=0.39662569761276245 min=0.37775665521621704 max=0.4182920753955841
Transformed distances:
tensor([[ -63.8645,  -65.5551,  -89.8215,  -67.3356,  -68.0850,  -60.1811,
          -58.0936,  -46.0100,  -66.5517,  -70.0494],
        [ -93.1613,  -93.2382, -123.5691,  -98.0117,  -96.4186,  -87.5820,
          -83.6247,  -74.1013,  -97.0855,  -99.9026],
        [ -94.2374,  -94.4262, -125.2049,  -99.2124,  -97.5994,  -88.7495,
          -84.9585,  -75.4153,  -98.4178, -101.4737]], device='cuda:0',
       grad_fn=<NegBackward>)
Probabilities:
tensor([[0.0154, 0.0150, 0.0110, 0.0146, 0.0145, 0.0163, 0.0169, 0.0213, 0.0148,
         0.0141],
        [0.0106, 0.0106, 0.0080, 0.0101, 0.0103, 0.0113, 0.0118, 0.0133, 0.0102,
         0.0099],
        [0.0105, 0.0105, 0.0079, 0.0100, 0.0101, 0.0111, 0.0116, 0.0131, 0.0101,
         0.0098]], device='cuda:0', grad_fn=<AddBackward0>)
Median cluster size=0.3963834345340729 mean=0.39658406376838684 min=0.37773457169532776 max=0.418818861246109
Transformed distances:
tensor([[ -46.4091,  -49.0755,  -67.5209,  -51.3964,  -51.2696,  -46.4228,
          -40.4551,  -35.1188,  -48.8308,  -52.2721],
        [-100.8108, -100.3531, -131.6310, -105.8390, -104.2155,  -94.7607,
          -89.3860,  -80.9616, -104.3276, -107.6410],
        [-110.3230, -110.1753, -145.1131, -114.4187, -115.2297, -103.7920,
         -102.0746,  -85.4189, -114.9880, -117.9957]], device='cuda:0',
       grad_fn=<NegBackward>)
Probabilities:
tensor([[0.0211, 0.0200, 0.0146, 0.0191, 0.0191, 0.0211, 0.0241, 0.0277, 0.0201,
         0.0188],
        [0.0098, 0.0099, 0.0075, 0.0094, 0.0095, 0.0104, 0.0111, 0.0122, 0.0095,
         0.0092],
        [0.0090, 0.0090, 0.0068, 0.0087, 0.0086, 0.0095, 0.0097, 0.0116, 0.0086,
         0.0084]], device='cuda:0', grad_fn=<AddBackward0>)
Median cluster size=0.39659827947616577 mean=0.39655426144599915 min=0.37764284014701843 max=0.41926562786102295
Transformed distances:
tensor([[ -76.8928,  -77.6313, -104.5780,  -80.7737,  -81.6073,  -72.5762,
          -68.7552,  -58.1050,  -79.5053,  -83.1340],
        [ -91.1612,  -91.1229, -121.2024,  -95.2372,  -95.7713,  -85.6318,
          -81.6831,  -70.0726,  -94.3273,  -97.6257],
        [ -95.5181,  -94.8748, -125.4076, -100.0190,  -99.3355,  -89.4760,
          -84.4718,  -75.8612,  -98.5455, -102.1092]], device='cuda:0',
       grad_fn=<NegBackward>)
Probabilities:
tensor([[0.0128, 0.0127, 0.0095, 0.0122, 0.0121, 0.0136, 0.0143, 0.0169, 0.0124,
         0.0119],
        [0.0109, 0.0109, 0.0082, 0.0104, 0.0103, 0.0115, 0.0121, 0.0141, 0.0105,
         0.0101],
        [0.0104, 0.0104, 0.0079, 0.0099, 0.0100, 0.0111, 0.0117, 0.0130, 0.0100,
         0.0097]], device='cuda:0', grad_fn=<AddBackward0>)
Median cluster size=0.3969076871871948 mean=0.39653268456459045 min=0.37749606370925903 max=0.4196440875530243
Transformed distances:
tensor([[-130.0119, -128.0590, -166.5856, -134.1348, -135.9208, -121.2583,
         -118.7474, -101.2752, -134.3946, -137.4783],
        [ -33.2831,  -35.6655,  -50.7754,  -37.8411,  -38.9801,  -33.7926,
          -27.9381,  -23.8500,  -35.2091,  -38.5548],
        [ -38.8297,  -41.5545,  -58.4097,  -43.4468,  -44.7276,  -39.1671,
          -33.4037,  -29.0042,  -41.3627,  -44.4679]], device='cuda:0',
       grad_fn=<NegBackward>)
Probabilities:
tensor([[0.0076, 0.0077, 0.0060, 0.0074, 0.0073, 0.0082, 0.0084, 0.0098, 0.0074,
         0.0072],
        [0.0292, 0.0273, 0.0193, 0.0257, 0.0250, 0.0287, 0.0346, 0.0402, 0.0276,
         0.0253],
        [0.0251, 0.0235, 0.0168, 0.0225, 0.0219, 0.0249, 0.0291, 0.0333, 0.0236,
         0.0220]], device='cuda:0', grad_fn=<AddBackward0>)
Median cluster size=0.39708101749420166 mean=0.39651820063591003 min=0.3772602379322052 max=0.4199368357658386
Transformed distances:
tensor([[-119.8125, -118.2550, -155.3186, -124.1014, -126.3376, -112.1311,
         -108.9395,  -92.6531, -124.0141, -126.7020],
        [ -30.0345,  -33.0458,  -46.9433,  -35.0598,  -36.6510,  -31.4154,
          -25.5154,  -20.6197,  -32.2028,  -35.3230],
        [ -89.3989,  -89.1121, -118.9702,  -94.4133,  -95.0556,  -84.2951,
          -78.6315,  -70.4604,  -92.5624,  -95.8407]], device='cuda:0',
       grad_fn=<NegBackward>)
Probabilities:
tensor([[0.0083, 0.0084, 0.0064, 0.0080, 0.0079, 0.0088, 0.0091, 0.0107, 0.0080,
         0.0078],
        [0.0322, 0.0294, 0.0209, 0.0277, 0.0266, 0.0308, 0.0377, 0.0463, 0.0301,
         0.0275],
        [0.0111, 0.0111, 0.0083, 0.0105, 0.0104, 0.0117, 0.0126, 0.0140, 0.0107,
         0.0103]], device='cuda:0', grad_fn=<AddBackward0>)
Median cluster size=0.39702850580215454 mean=0.3965056836605072 min=0.37695953249931335 max=0.42015931010246277
Transformed distances:
tensor([[ -24.2490,  -26.8083,  -37.4940,  -29.4863,  -28.9977,  -24.7238,
          -19.2978,  -16.1759,  -25.4798,  -28.3864],
        [-136.4074, -134.4239, -175.5619, -141.3666, -144.7522, -127.9273,
         -125.5681, -105.9794, -141.4154, -143.7715],
        [ -16.4029,  -19.8239,  -27.6128,  -21.3003,  -22.1361,  -18.2566,
          -14.0453,   -9.2182,  -18.4323,  -21.3645]], device='cuda:0',
       grad_fn=<NegBackward>)
Probabilities:
tensor([[0.0396, 0.0360, 0.0260, 0.0328, 0.0333, 0.0389, 0.0493, 0.0582, 0.0378,
         0.0340],
        [0.0073, 0.0074, 0.0057, 0.0070, 0.0069, 0.0078, 0.0079, 0.0093, 0.0070,
         0.0069],
        [0.0575, 0.0480, 0.0349, 0.0448, 0.0432, 0.0519, 0.0665, 0.0979, 0.0515,
         0.0447]], device='cuda:0', grad_fn=<AddBackward0>)
Median cluster size=0.3967064321041107 mean=0.3964761197566986 min=0.3771410882472992 max=0.4202626943588257
Transformed distances:
tensor([[ -79.1461,  -80.0795, -108.0383,  -84.9676,  -86.7400,  -76.0734,
          -70.2444,  -62.3475,  -82.5118,  -85.8849],
        [-109.5252, -107.7805, -142.3939, -114.4000, -116.6059, -101.6910,
          -97.7867,  -83.6737, -112.5312, -114.8042],
        [ -70.7556,  -72.7449,  -98.6588,  -76.5032,  -78.8816,  -68.9481,
          -63.1069,  -55.6084,  -74.2696,  -77.2699]], device='cuda:0',
       grad_fn=<NegBackward>)
Probabilities:
tensor([[0.0125, 0.0123, 0.0092, 0.0116, 0.0114, 0.0130, 0.0140, 0.0158, 0.0120,
         0.0115],
        [0.0090, 0.0092, 0.0070, 0.0087, 0.0085, 0.0097, 0.0101, 0.0118, 0.0088,
         0.0086],
        [0.0139, 0.0136, 0.0100, 0.0129, 0.0125, 0.0143, 0.0156, 0.0177, 0.0133,
         0.0128]], device='cuda:0', grad_fn=<AddBackward0>)
Median cluster size=0.3965374827384949 mean=0.3964439034461975 min=0.3772481083869934 max=0.42040085792541504
Transformed distances:
tensor([[ -62.0858,  -64.8175,  -88.1250,  -68.1975,  -71.3113,  -61.4379,
          -55.4140,  -46.6390,  -65.0663,  -68.1347],
        [-103.7745, -103.1958, -136.4906, -110.0369, -112.2723,  -97.9242,
          -92.9880,  -81.0098, -107.4127, -110.1202],
        [ -92.8139,  -93.1639, -123.9390,  -99.1648, -101.6146,  -88.4610,
          -82.9477,  -72.6552,  -96.4102,  -99.4318]], device='cuda:0',
       grad_fn=<NegBackward>)
Probabilities:
tensor([[0.0159, 0.0152, 0.0112, 0.0145, 0.0138, 0.0160, 0.0177, 0.0210, 0.0151,
         0.0145],
        [0.0095, 0.0096, 0.0073, 0.0090, 0.0088, 0.0101, 0.0106, 0.0122, 0.0092,
         0.0090],
        [0.0107, 0.0106, 0.0080, 0.0100, 0.0097, 0.0112, 0.0119, 0.0136, 0.0103,
         0.0100]], device='cuda:0', grad_fn=<AddBackward0>)
Median cluster size=0.3965451419353485 mean=0.39641308784484863 min=0.37728679180145264 max=0.42049723863601685
Transformed distances:
tensor([[ -88.7347,  -90.1485, -119.7161,  -95.2343,  -98.8441,  -85.3129,
          -79.9634,  -68.7348,  -92.4242,  -95.0777],
        [ -97.7590,  -97.1605, -128.7398, -103.5034, -106.5962,  -91.8949,
          -87.1344,  -74.6068, -100.6121, -103.1271],
        [ -82.4237,  -84.8850, -112.9071,  -89.5056,  -92.9267,  -80.5547,
          -74.2660,  -65.8269,  -86.5445,  -89.8895]], device='cuda:0',
       grad_fn=<NegBackward>)
Probabilities:
tensor([[0.0111, 0.0110, 0.0083, 0.0104, 0.0100, 0.0116, 0.0124, 0.0143, 0.0107,
         0.0104],
        [0.0101, 0.0102, 0.0077, 0.0096, 0.0093, 0.0108, 0.0113, 0.0132, 0.0098,
         0.0096],
        [0.0120, 0.0116, 0.0088, 0.0110, 0.0106, 0.0123, 0.0133, 0.0150, 0.0114,
         0.0110]], device='cuda:0', grad_fn=<AddBackward0>)
Median cluster size=0.3964366614818573 mean=0.3963841199874878 min=0.37726712226867676 max=0.4205581843852997
Transformed distances:
tensor([[ -75.1900,  -77.4429, -103.6121,  -81.4278,  -85.9376,  -72.9518,
          -67.5979,  -56.5245,  -78.2563,  -80.7616],
        [ -87.9114,  -90.3342, -120.1388,  -95.0072,  -99.9230,  -85.6126,
          -80.2161,  -69.5646,  -92.4007,  -95.3349],
        [-100.7191, -100.7898, -133.3379, -107.6403, -111.2562,  -95.6069,
          -90.5362,  -79.5446, -104.4767, -107.6746]], device='cuda:0',
       grad_fn=<NegBackward>)
Probabilities:
tensor([[0.0131, 0.0127, 0.0096, 0.0121, 0.0115, 0.0135, 0.0146, 0.0174, 0.0126,
         0.0122],
        [0.0112, 0.0109, 0.0083, 0.0104, 0.0099, 0.0115, 0.0123, 0.0142, 0.0107,
         0.0104],
        [0.0098, 0.0098, 0.0074, 0.0092, 0.0089, 0.0104, 0.0109, 0.0124, 0.0095,
         0.0092]], device='cuda:0', grad_fn=<AddBackward0>)
Median cluster size=0.39616453647613525 mean=0.3963603973388672 min=0.3771933615207672 max=0.420585960149765
Transformed distances:
tensor([[ -87.6702,  -89.7948, -119.4854,  -95.0244,  -99.7845,  -85.0563,
          -80.0529,  -68.5944,  -91.9562,  -94.8173],
        [ -76.5074,  -79.0610, -105.7770,  -83.8710,  -88.0724,  -74.7993,
          -69.3015,  -59.3589,  -80.1188,  -83.2362],
        [ -96.8179,  -97.8945, -129.6175, -104.3381, -108.5181,  -92.9043,
          -88.0294,  -76.4843, -100.9422, -104.1089]], device='cuda:0',
       grad_fn=<NegBackward>)
Probabilities:
tensor([[0.0113, 0.0110, 0.0083, 0.0104, 0.0099, 0.0116, 0.0123, 0.0144, 0.0108,
         0.0104],
        [0.0129, 0.0125, 0.0094, 0.0118, 0.0112, 0.0132, 0.0142, 0.0166, 0.0123,
         0.0119],
        [0.0102, 0.0101, 0.0077, 0.0095, 0.0091, 0.0106, 0.0112, 0.0129, 0.0098,
         0.0095]], device='cuda:0', grad_fn=<AddBackward0>)
Median cluster size=0.395861953496933 mean=0.39633771777153015 min=0.37707024812698364 max=0.4205836057662964
Transformed distances:
tensor([[ -84.4017,  -86.4248, -115.0889,  -92.0177,  -96.0537,  -81.7700,
          -75.8031,  -67.3989,  -87.6825,  -91.3968],
        [ -89.6398,  -90.6823, -121.3329,  -96.9076, -101.6735,  -86.3187,
          -81.2420,  -70.1970,  -93.0238,  -96.7402],
        [ -90.6036,  -92.9502, -124.0491,  -97.8030, -104.2486,  -88.4035,
          -83.6964,  -70.7580,  -94.8933,  -97.9892]], device='cuda:0',
       grad_fn=<NegBackward>)
Probabilities:
tensor([[0.0117, 0.0114, 0.0086, 0.0108, 0.0103, 0.0121, 0.0130, 0.0146, 0.0113,
         0.0108],
        [0.0110, 0.0109, 0.0082, 0.0102, 0.0097, 0.0115, 0.0122, 0.0140, 0.0106,
         0.0102],
        [0.0109, 0.0106, 0.0080, 0.0101, 0.0095, 0.0112, 0.0118, 0.0139, 0.0104,
         0.0101]], device='cuda:0', grad_fn=<AddBackward0>)
Median cluster size=0.3958910405635834 mean=0.3963112533092499 min=0.3769034147262573 max=0.42064645886421204
Transformed distances:
tensor([[-102.8045, -103.9717, -137.5453, -111.0269, -116.6143,  -98.9353,
          -94.3746,  -81.3172, -106.9400, -110.7578],
        [ -67.6034,  -71.9320,  -96.6637,  -75.7900,  -80.8854,  -68.1282,
          -62.2197,  -53.2701,  -71.1186,  -75.3124],
        [ -91.7343,  -93.5136, -124.5839,  -99.6830, -104.8874,  -88.9257,
          -83.9356,  -72.2899,  -95.3018,  -99.3751]], device='cuda:0',
       grad_fn=<NegBackward>)
Probabilities:
tensor([[0.0096, 0.0095, 0.0072, 0.0089, 0.0085, 0.0100, 0.0105, 0.0121, 0.0093,
         0.0089],
        [0.0146, 0.0137, 0.0102, 0.0130, 0.0122, 0.0145, 0.0158, 0.0184, 0.0139,
         0.0131],
        [0.0108, 0.0106, 0.0080, 0.0099, 0.0094, 0.0111, 0.0118, 0.0136, 0.0104,
         0.0100]], device='cuda:0', grad_fn=<AddBackward0>)
Median cluster size=0.39597195386886597 mean=0.3962838351726532 min=0.3766953945159912 max=0.4206753671169281
Transformed distances:
tensor([[ -89.7890,  -92.4950, -122.9484,  -98.5672, -104.2346,  -87.9889,
          -82.3978,  -70.8563,  -93.4088,  -98.0179],
        [ -89.7710,  -91.7552, -121.9902,  -98.0631, -103.3444,  -87.1808,
          -81.7442,  -69.6604,  -92.7462,  -96.9986],
        [ -94.1704,  -97.0036, -128.4558, -103.4861, -109.1968,  -92.3469,
          -86.9611,  -75.8586,  -98.4889, -103.6755]], device='cuda:0',
       grad_fn=<NegBackward>)
Probabilities:
tensor([[0.0110, 0.0107, 0.0081, 0.0100, 0.0095, 0.0112, 0.0120, 0.0139, 0.0106,
         0.0101],
        [0.0110, 0.0108, 0.0081, 0.0101, 0.0096, 0.0113, 0.0121, 0.0142, 0.0107,
         0.0102],
        [0.0105, 0.0102, 0.0077, 0.0096, 0.0091, 0.0107, 0.0114, 0.0130, 0.0101,
         0.0096]], device='cuda:0', grad_fn=<AddBackward0>)
Median cluster size=0.39576077461242676 mean=0.3962531089782715 min=0.37645313143730164 max=0.4206753075122833
Transformed distances:
tensor([[ -81.6118,  -84.3347, -112.4659,  -90.5014,  -95.3950,  -80.3711,
          -73.4920,  -64.1611,  -84.4015,  -89.4697],
        [ -79.8037,  -84.3401, -112.7201,  -89.1951,  -95.6019,  -80.3667,
          -73.7895,  -64.5512,  -84.1421,  -89.3456],
        [-100.0914, -101.5135, -134.9624, -108.5551, -114.8127,  -96.6401,
          -91.0577,  -78.6692, -103.1178, -108.0073]], device='cuda:0',
       grad_fn=<NegBackward>)
Probabilities:
tensor([[0.0121, 0.0117, 0.0088, 0.0109, 0.0104, 0.0123, 0.0134, 0.0153, 0.0117,
         0.0111],
        [0.0124, 0.0117, 0.0088, 0.0111, 0.0104, 0.0123, 0.0134, 0.0153, 0.0117,
         0.0111],
        [0.0099, 0.0098, 0.0074, 0.0091, 0.0086, 0.0102, 0.0109, 0.0126, 0.0096,
         0.0092]], device='cuda:0', grad_fn=<AddBackward0>)
Median cluster size=0.39552342891693115 mean=0.3962300419807434 min=0.3761773705482483 max=0.420647531747818
Transformed distances:
tensor([[ -90.6364,  -94.4366, -125.6216, -100.6204, -107.3923,  -90.4045,
          -83.1786,  -73.2554,  -94.7178, -100.5797],
        [ -90.6436,  -94.2313, -125.4510, -100.5278, -107.1279,  -90.2050,
          -83.0677,  -73.1241,  -94.5710, -100.4332],
        [ -87.0215,  -87.9641, -117.6766,  -95.1522,  -99.8262,  -83.6885,
          -76.4822,  -66.4521,  -88.4891,  -93.0018]], device='cuda:0',
       grad_fn=<NegBackward>)
Probabilities:
tensor([[0.0109, 0.0105, 0.0079, 0.0098, 0.0092, 0.0109, 0.0119, 0.0135, 0.0104,
         0.0098],
        [0.0109, 0.0105, 0.0079, 0.0098, 0.0092, 0.0110, 0.0119, 0.0135, 0.0105,
         0.0099],
        [0.0114, 0.0112, 0.0084, 0.0104, 0.0099, 0.0118, 0.0129, 0.0148, 0.0112,
         0.0106]], device='cuda:0', grad_fn=<AddBackward0>)
Median cluster size=0.3952637016773224 mean=0.39620232582092285 min=0.3758726418018341 max=0.4205953776836395
Transformed distances:
tensor([[ -56.0197,  -61.6535,  -83.3237,  -64.8431,  -70.8523,  -58.2940,
          -50.7493,  -42.7788,  -58.5323,  -63.3317],
        [ -70.8571,  -74.9877, -101.3248,  -80.2338,  -86.1687,  -71.5392,
          -63.6734,  -55.7261,  -73.5750,  -78.9274],
        [-110.9654, -112.7125, -149.5833, -121.6936, -128.9919, -108.0034,
         -101.3412,  -89.7054, -115.0992, -121.4251]], device='cuda:0',
       grad_fn=<NegBackward>)
Probabilities:
tensor([[0.0175, 0.0160, 0.0119, 0.0152, 0.0139, 0.0169, 0.0193, 0.0228, 0.0168,
         0.0155],
        [0.0139, 0.0132, 0.0098, 0.0123, 0.0115, 0.0138, 0.0155, 0.0176, 0.0134,
         0.0125],
        [0.0089, 0.0088, 0.0066, 0.0082, 0.0077, 0.0092, 0.0098, 0.0110, 0.0086,
         0.0082]], device='cuda:0', grad_fn=<AddBackward0>)
Median cluster size=0.3951611816883087 mean=0.39616745710372925 min=0.3755325973033905 max=0.4205148220062256
Transformed distances:
tensor([[ -82.3934,  -86.5599, -116.3985,  -93.0618,  -99.7392,  -82.9765,
          -74.6962,  -67.0647,  -86.2884,  -92.4550],
        [ -89.3857,  -91.4442, -122.5811,  -98.9759, -104.9437,  -87.2061,
          -79.2642,  -70.3836,  -91.5801,  -97.0917],
        [ -84.0345,  -88.8945, -119.4797,  -94.2581, -102.5652,  -84.9852,
          -77.0807,  -67.5624,  -88.0879,  -93.7509]], device='cuda:0',
       grad_fn=<NegBackward>)
Probabilities:
tensor([[0.0120, 0.0114, 0.0085, 0.0106, 0.0099, 0.0119, 0.0132, 0.0147, 0.0115,
         0.0107],
        [0.0111, 0.0108, 0.0081, 0.0100, 0.0094, 0.0113, 0.0125, 0.0140, 0.0108,
         0.0102],
        [0.0118, 0.0111, 0.0083, 0.0105, 0.0097, 0.0116, 0.0128, 0.0146, 0.0112,
         0.0106]], device='cuda:0', grad_fn=<AddBackward0>)
Median cluster size=0.39502182602882385 mean=0.39612674713134766 min=0.37516775727272034 max=0.42050492763519287
Transformed distances:
tensor([[ -50.0953,  -56.8896,  -76.4825,  -61.4238,  -65.5164,  -54.5360,
          -46.0842,  -40.8140,  -53.9912,  -60.4786],
        [-109.9369, -112.0236, -149.7433, -119.9282, -128.9980, -106.7041,
         -100.2715,  -87.3569, -113.2837, -118.6856],
        [ -76.3792,  -80.5570, -108.5116,  -88.1216,  -92.5680,  -77.4390,
          -68.8372,  -62.8851,  -80.3583,  -87.2278]], device='cuda:0',
       grad_fn=<NegBackward>)
Probabilities:
tensor([[0.0196, 0.0173, 0.0129, 0.0160, 0.0150, 0.0180, 0.0212, 0.0239, 0.0182,
         0.0163],
        [0.0090, 0.0088, 0.0066, 0.0083, 0.0077, 0.0093, 0.0099, 0.0113, 0.0088,
         0.0084],
        [0.0129, 0.0123, 0.0091, 0.0112, 0.0107, 0.0127, 0.0143, 0.0157, 0.0123,
         0.0113]], device='cuda:0', grad_fn=<AddBackward0>)
Median cluster size=0.3950901925563812 mean=0.39608335494995117 min=0.37477195262908936 max=0.42061662673950195
Transformed distances:
tensor([[ -52.1322,  -59.9140,  -81.1461,  -62.4872,  -70.5396,  -56.6859,
          -48.4816,  -40.6194,  -56.0936,  -61.3911],
        [ -93.8896,  -97.0491, -130.6906, -104.7650, -113.0005,  -92.5066,
          -84.6605,  -75.1473,  -97.1145, -103.2506],
        [ -90.7328,  -94.7400, -127.5589, -102.3348, -109.9810,  -90.5481,
          -82.1723,  -74.1433,  -94.8306, -101.4537]], device='cuda:0',
       grad_fn=<NegBackward>)
Probabilities:
tensor([[0.0188, 0.0164, 0.0122, 0.0158, 0.0140, 0.0173, 0.0202, 0.0240, 0.0175,
         0.0160],
        [0.0105, 0.0102, 0.0076, 0.0095, 0.0088, 0.0107, 0.0117, 0.0131, 0.0102,
         0.0096],
        [0.0109, 0.0104, 0.0078, 0.0097, 0.0090, 0.0109, 0.0120, 0.0133, 0.0104,
         0.0098]], device='cuda:0', grad_fn=<AddBackward0>)
Median cluster size=0.39531636238098145 mean=0.3960390090942383 min=0.374350368976593 max=0.4206847846508026
Transformed distances:
tensor([[ -90.1213,  -94.8027, -128.0299, -102.1826, -110.8877,  -90.7585,
          -82.2057,  -73.3940,  -94.5690, -101.1261],
        [ -76.0581,  -79.4780, -109.0642,  -86.3962,  -93.8233,  -75.8432,
          -67.1513,  -59.7800,  -78.6221,  -84.4979],
        [ -72.2551,  -78.7873, -106.7667,  -83.8970,  -92.2278,  -74.9570,
          -66.0850,  -58.6637,  -76.8640,  -82.4226]], device='cuda:0',
       grad_fn=<NegBackward>)
Probabilities:
tensor([[0.0110, 0.0104, 0.0078, 0.0097, 0.0089, 0.0109, 0.0120, 0.0134, 0.0105,
         0.0098],
        [0.0130, 0.0124, 0.0091, 0.0114, 0.0105, 0.0130, 0.0147, 0.0165, 0.0126,
         0.0117],
        [0.0137, 0.0125, 0.0093, 0.0118, 0.0107, 0.0132, 0.0149, 0.0168, 0.0128,
         0.0120]], device='cuda:0', grad_fn=<AddBackward0>)
Median cluster size=0.39546945691108704 mean=0.39601635932922363 min=0.3739084005355835 max=0.4207158386707306
Transformed distances:
tensor([[-108.9973, -113.2262, -152.3726, -122.5813, -132.4054, -108.4563,
         -100.7111,  -89.7859, -114.4459, -121.6854],
        [ -32.5906,  -39.9540,  -54.1231,  -42.1729,  -48.9635,  -38.3023,
          -30.6469,  -22.3218,  -35.6713,  -41.5538],
        [ -59.1070,  -65.4698,  -89.8757,  -70.3814,  -77.4240,  -62.2840,
          -53.7939,  -46.6350,  -62.9251,  -68.5209]], device='cuda:0',
       grad_fn=<NegBackward>)
Probabilities:
tensor([[0.0091, 0.0088, 0.0065, 0.0081, 0.0075, 0.0091, 0.0098, 0.0110, 0.0087,
         0.0082],
        [0.0298, 0.0244, 0.0181, 0.0232, 0.0200, 0.0254, 0.0316, 0.0429, 0.0273,
         0.0235],
        [0.0166, 0.0150, 0.0110, 0.0140, 0.0128, 0.0158, 0.0183, 0.0210, 0.0156,
         0.0144]], device='cuda:0', grad_fn=<AddBackward0>)
Median cluster size=0.39553412795066833 mean=0.3959882855415344 min=0.3734268248081207 max=0.42096200585365295
Transformed distances:
tensor([[ -87.1175,  -92.5740, -126.2950,  -99.8741, -108.4854,  -88.5874,
          -80.2248,  -70.8020,  -92.0667,  -98.2419],
        [ -21.7765,  -29.6561,  -39.2047,  -31.4729,  -36.7166,  -28.8467,
          -21.6657,  -13.4031,  -25.6318,  -31.3887],
        [ -98.1680, -102.6465, -139.3556, -111.7538, -119.9316,  -98.2210,
          -89.8636,  -80.6531, -103.1051, -109.9835]], device='cuda:0',
       grad_fn=<NegBackward>)
Probabilities:
tensor([[0.0113, 0.0107, 0.0079, 0.0099, 0.0091, 0.0112, 0.0123, 0.0139, 0.0107,
         0.0101],
        [0.0439, 0.0326, 0.0249, 0.0308, 0.0265, 0.0335, 0.0441, 0.0694, 0.0375,
         0.0309],
        [0.0101, 0.0096, 0.0071, 0.0089, 0.0083, 0.0101, 0.0110, 0.0122, 0.0096,
         0.0090]], device='cuda:0', grad_fn=<AddBackward0>)
Median cluster size=0.3955104649066925 mean=0.395953506231308 min=0.373260498046875 max=0.42150524258613586
Transformed distances:
tensor([[ -68.6856,  -74.9475, -102.7337,  -81.0946,  -87.7203,  -71.4776,
          -62.5837,  -55.2505,  -73.1597,  -78.7252],
        [ -76.4602,  -82.4868, -112.8488,  -88.8065,  -96.8305,  -78.8651,
          -70.6462,  -60.8661,  -81.0116,  -87.0497],
        [ -85.3269,  -90.2942, -122.7977,  -98.4503, -105.2756,  -86.3903,
          -77.2371,  -69.2266,  -89.5604,  -96.0262]], device='cuda:0',
       grad_fn=<NegBackward>)
Probabilities:
tensor([[0.0144, 0.0132, 0.0096, 0.0122, 0.0113, 0.0138, 0.0157, 0.0178, 0.0135,
         0.0125],
        [0.0129, 0.0120, 0.0088, 0.0111, 0.0102, 0.0125, 0.0140, 0.0162, 0.0122,
         0.0114],
        [0.0116, 0.0110, 0.0081, 0.0101, 0.0094, 0.0114, 0.0128, 0.0142, 0.0110,
         0.0103]], device='cuda:0', grad_fn=<AddBackward0>)
Median cluster size=0.3956114947795868 mean=0.39592844247817993 min=0.373049795627594 max=0.4219678044319153
Transformed distances:
tensor([[ -89.8054,  -95.0636, -129.2446, -103.9498, -110.2206,  -90.9994,
          -82.2775,  -73.2855,  -94.6367, -101.6916],
        [ -19.7810,  -26.6506,  -35.0890,  -28.4604,  -32.6963,  -25.8040,
          -18.8235,  -10.3173,  -22.8345,  -27.9394],
        [ -86.8225,  -93.0685, -126.8555, -100.8652, -108.1380,  -89.0389,
          -80.6798,  -71.0198,  -92.4631,  -98.9917]], device='cuda:0',
       grad_fn=<NegBackward>)
Probabilities:
tensor([[0.0110, 0.0104, 0.0077, 0.0095, 0.0090, 0.0109, 0.0120, 0.0135, 0.0105,
         0.0097],
        [0.0481, 0.0362, 0.0277, 0.0339, 0.0297, 0.0373, 0.0504, 0.0884, 0.0420,
         0.0346],
        [0.0114, 0.0106, 0.0078, 0.0098, 0.0092, 0.0111, 0.0122, 0.0139, 0.0107,
         0.0100]], device='cuda:0', grad_fn=<AddBackward0>)
Median cluster size=0.39561372995376587 mean=0.39589449763298035 min=0.37276333570480347 max=0.4227343499660492
Transformed distances:
tensor([[ -62.8234,  -70.1777,  -96.1323,  -75.4244,  -81.2973,  -66.2052,
          -58.3895,  -49.2956,  -67.4819,  -72.8373],
        [ -79.2608,  -84.8984, -116.0695,  -93.0380,  -98.3820,  -81.1370,
          -72.3641,  -63.6428,  -83.5947,  -90.2577],
        [ -91.2872,  -96.6681, -131.5563, -105.8797, -111.8694,  -92.6066,
          -83.8039,  -73.9220,  -96.2369, -103.3298]], device='cuda:0',
       grad_fn=<NegBackward>)
Probabilities:
tensor([[0.0157, 0.0140, 0.0103, 0.0131, 0.0122, 0.0149, 0.0168, 0.0199, 0.0146,
         0.0135],
        [0.0125, 0.0116, 0.0085, 0.0106, 0.0101, 0.0122, 0.0136, 0.0155, 0.0118,
         0.0110],
        [0.0108, 0.0102, 0.0075, 0.0094, 0.0089, 0.0107, 0.0118, 0.0133, 0.0103,
         0.0096]], device='cuda:0', grad_fn=<AddBackward0>)
Median cluster size=0.3955628275871277 mean=0.3958715498447418 min=0.3724440932273865 max=0.4234011471271515
Transformed distances:
tensor([[ -78.4600,  -84.6801, -115.8575,  -92.5591,  -97.3671,  -80.3980,
          -72.2216,  -63.2845,  -83.2000,  -89.8850],
        [ -95.2420, -101.0117, -136.9952, -110.4383, -116.0040,  -96.0832,
          -87.7488,  -76.4866, -100.5649, -107.5216],
        [ -28.2582,  -35.0821,  -49.0713,  -37.8658,  -41.3819,  -32.9719,
          -26.5789,  -19.1012,  -31.4152,  -36.3271]], device='cuda:0',
       grad_fn=<NegBackward>)
Probabilities:
tensor([[0.0126, 0.0117, 0.0086, 0.0107, 0.0102, 0.0123, 0.0137, 0.0156, 0.0119,
         0.0110],
        [0.0104, 0.0098, 0.0072, 0.0090, 0.0085, 0.0103, 0.0113, 0.0129, 0.0098,
         0.0092],
        [0.0342, 0.0277, 0.0200, 0.0257, 0.0236, 0.0294, 0.0363, 0.0497, 0.0308,
         0.0268]], device='cuda:0', grad_fn=<AddBackward0>)
Median cluster size=0.3954416513442993 mean=0.39583712816238403 min=0.3720747232437134 max=0.4242044985294342
Transformed distances:
tensor([[ -38.5243,  -45.7995,  -63.3839,  -49.3019,  -52.8574,  -42.5182,
          -35.9041,  -27.1105,  -41.8247,  -46.4658],
        [ -66.7695,  -73.3891, -100.9223,  -79.9717,  -84.0358,  -69.1185,
          -61.4585,  -52.4222,  -70.8731,  -76.9843],
        [ -98.7630, -104.8152, -142.1030, -114.6977, -119.8949,  -99.1630,
          -91.5274,  -79.8568, -104.3230, -111.8213]], device='cuda:0',
       grad_fn=<NegBackward>)
Probabilities:
tensor([[0.0253, 0.0214, 0.0155, 0.0199, 0.0186, 0.0230, 0.0271, 0.0356, 0.0234,
         0.0211],
        [0.0148, 0.0134, 0.0098, 0.0124, 0.0118, 0.0143, 0.0160, 0.0187, 0.0139,
         0.0128],
        [0.0100, 0.0095, 0.0070, 0.0086, 0.0083, 0.0100, 0.0108, 0.0124, 0.0095,
         0.0089]], device='cuda:0', grad_fn=<AddBackward0>)
Median cluster size=0.39526477456092834 mean=0.39581772685050964 min=0.371829628944397 max=0.424895316362381
Transformed distances:
tensor([[ -73.0066,  -79.6125, -109.2586,  -87.1519,  -91.0212,  -74.7990,
          -67.6930,  -56.1623,  -77.4314,  -83.4595],
        [ -90.3567,  -96.5747, -131.4621, -106.1791, -110.0568,  -90.7459,
          -83.4531,  -72.6817,  -95.7882, -102.3046],
        [ -18.0124,  -24.6486,  -33.7859,  -26.2968,  -29.7803,  -23.2845,
          -18.0210,   -9.1009,  -20.9098,  -25.2689]], device='cuda:0',
       grad_fn=<NegBackward>)
Probabilities:
tensor([[0.0135, 0.0124, 0.0091, 0.0113, 0.0109, 0.0132, 0.0146, 0.0175, 0.0127,
         0.0118],
        [0.0109, 0.0102, 0.0075, 0.0093, 0.0090, 0.0109, 0.0118, 0.0136, 0.0103,
         0.0097],
        [0.0526, 0.0390, 0.0287, 0.0366, 0.0325, 0.0412, 0.0526, 0.0990, 0.0456,
         0.0381]], device='cuda:0', grad_fn=<AddBackward0>)
Median cluster size=0.39559853076934814 mean=0.3957936465740204 min=0.3715067505836487 max=0.4254506230354309
Transformed distances:
tensor([[ -69.8658,  -76.8741, -106.2260,  -83.7193,  -87.7818,  -71.9662,
          -65.7359,  -53.3028,  -73.9818,  -79.9212],
        [ -14.1609,  -20.2894,  -27.3288,  -21.1800,  -24.7919,  -19.6366,
          -14.5846,   -6.8546,  -16.7122,  -20.6479],
        [-102.0202, -108.5245, -146.5416, -119.3558, -123.3987, -101.8908,
          -94.7511,  -81.7245, -107.4758, -114.8128]], device='cuda:0',
       grad_fn=<NegBackward>)
Probabilities:
tensor([[0.0141, 0.0128, 0.0093, 0.0118, 0.0113, 0.0137, 0.0150, 0.0184, 0.0133,
         0.0124],
        [0.0660, 0.0470, 0.0353, 0.0451, 0.0388, 0.0485, 0.0642, 0.1273, 0.0565,
         0.0462],
        [0.0097, 0.0091, 0.0068, 0.0083, 0.0080, 0.0097, 0.0104, 0.0121, 0.0092,
         0.0086]], device='cuda:0', grad_fn=<AddBackward0>)
Median cluster size=0.39580249786376953 mean=0.3957504332065582 min=0.371317058801651 max=0.4263514280319214
Transformed distances:
tensor([[ -55.5637,  -61.6432,  -85.7474,  -68.0519,  -69.8484,  -57.2154,
          -50.7325,  -41.3321,  -58.3322,  -63.1240],
        [ -81.1687,  -87.5189, -119.9503,  -96.4681,  -99.3182,  -81.7763,
          -75.0568,  -63.5358,  -85.2981,  -91.4029],
        [ -70.4363,  -76.5542, -105.7000,  -84.4288,  -86.8068,  -71.4094,
          -64.8113,  -54.2835,  -74.0329,  -79.4866]], device='cuda:0',
       grad_fn=<NegBackward>)
Probabilities:
tensor([[0.0177, 0.0160, 0.0115, 0.0145, 0.0141, 0.0172, 0.0193, 0.0236, 0.0169,
         0.0156],
        [0.0122, 0.0113, 0.0083, 0.0103, 0.0100, 0.0121, 0.0131, 0.0155, 0.0116,
         0.0108],
        [0.0140, 0.0129, 0.0094, 0.0117, 0.0114, 0.0138, 0.0152, 0.0181, 0.0133,
         0.0124]], device='cuda:0', grad_fn=<AddBackward0>)
Median cluster size=0.39593398571014404 mean=0.3957018256187439 min=0.37107840180397034 max=0.42713913321495056
Transformed distances:
tensor([[-110.6799, -118.0389, -158.6940, -129.9376, -134.1597, -110.2710,
         -104.2106,  -87.7209, -116.5300, -124.7639],
        [ -14.4196,  -20.0746,  -27.5376,  -20.6699,  -23.7697,  -18.7414,
          -14.9578,   -6.3715,  -16.1560,  -19.6973],
        [ -35.6735,  -42.9880,  -60.3219,  -46.5263,  -49.0640,  -39.2288,
          -34.4039,  -24.0077,  -38.1508,  -42.8385]], device='cuda:0',
       grad_fn=<NegBackward>)
Probabilities:
tensor([[0.0090, 0.0084, 0.0063, 0.0076, 0.0074, 0.0090, 0.0095, 0.0113, 0.0085,
         0.0080],
        [0.0649, 0.0475, 0.0350, 0.0461, 0.0404, 0.0507, 0.0627, 0.1357, 0.0583,
         0.0483],
        [0.0273, 0.0227, 0.0163, 0.0210, 0.0200, 0.0249, 0.0282, 0.0400, 0.0255,
         0.0228]], device='cuda:0', grad_fn=<AddBackward0>)
Median cluster size=0.3959392309188843 mean=0.3956211507320404 min=0.3707355856895447 max=0.42820608615875244
Transformed distances:
tensor([[ -13.9256,  -19.2798,  -26.3622,  -19.5960,  -22.6920,  -17.9838,
          -14.7067,   -5.8348,  -15.6211,  -19.1635],
        [ -56.3708,  -63.6975,  -88.4736,  -70.1478,  -72.1589,  -58.6138,
          -52.6753,  -41.9411,  -59.9202,  -65.7501],
        [-108.6151, -116.8876, -156.8080, -128.5647, -132.3408, -108.7130,
         -102.4422,  -84.5344, -114.3027, -122.1681]], device='cuda:0',
       grad_fn=<NegBackward>)
Probabilities:
tensor([[0.0670, 0.0493, 0.0365, 0.0486, 0.0422, 0.0527, 0.0637, 0.1463, 0.0602,
         0.0496],
        [0.0174, 0.0155, 0.0112, 0.0141, 0.0137, 0.0168, 0.0186, 0.0233, 0.0164,
         0.0150],
        [0.0091, 0.0085, 0.0063, 0.0077, 0.0075, 0.0091, 0.0097, 0.0117, 0.0087,
         0.0081]], device='cuda:0', grad_fn=<AddBackward0>)
Median cluster size=0.39646637439727783 mean=0.3955424427986145 min=0.37030738592147827 max=0.42909514904022217
Transformed distances:
tensor([[ -98.6959, -106.9986, -144.6356, -118.1690, -121.5542,  -99.3491,
          -92.9498,  -76.3903, -103.7762, -112.0832],
        [ -33.5775,  -40.9494,  -57.4722,  -44.8790,  -46.8635,  -37.2879,
          -31.8746,  -21.6318,  -35.5462,  -41.0686],
        [ -13.7672,  -19.2094,  -26.1499,  -19.8392,  -22.4027,  -17.4930,
          -14.4225,   -5.7870,  -15.1821,  -18.9956]], device='cuda:0',
       grad_fn=<NegBackward>)
Probabilities:
tensor([[0.0100, 0.0093, 0.0069, 0.0084, 0.0082, 0.0100, 0.0106, 0.0129, 0.0095,
         0.0088],
        [0.0289, 0.0238, 0.0171, 0.0218, 0.0209, 0.0261, 0.0304, 0.0442, 0.0274,
         0.0238],
        [0.0677, 0.0495, 0.0368, 0.0480, 0.0427, 0.0541, 0.0648, 0.1473, 0.0618,
         0.0500]], device='cuda:0', grad_fn=<AddBackward0>)
Median cluster size=0.3965044617652893 mean=0.3954343795776367 min=0.36978879570961 max=0.430237352848053
Transformed distances:
tensor([[ -66.8357,  -73.8838, -102.3532,  -82.2937,  -83.6537,  -68.2322,
          -61.6361,  -49.8698,  -69.3992,  -76.3640],
        [ -51.3063,  -58.4328,  -82.2311,  -64.7251,  -66.4800,  -53.8253,
          -48.0283,  -36.5841,  -53.3555,  -59.5359],
        [ -75.9199,  -84.0827, -115.9576,  -93.1704,  -95.7873,  -77.8926,
          -71.9331,  -57.4735,  -79.6890,  -87.3520]], device='cuda:0',
       grad_fn=<NegBackward>)
Probabilities:
tensor([[0.0147, 0.0134, 0.0097, 0.0120, 0.0118, 0.0144, 0.0160, 0.0197, 0.0142,
         0.0129],
        [0.0191, 0.0168, 0.0120, 0.0152, 0.0148, 0.0182, 0.0204, 0.0266, 0.0184,
         0.0165],
        [0.0130, 0.0118, 0.0086, 0.0106, 0.0103, 0.0127, 0.0137, 0.0171, 0.0124,
         0.0113]], device='cuda:0', grad_fn=<AddBackward0>)
Median cluster size=0.39608386158943176 mean=0.3953374922275543 min=0.36925119161605835 max=0.4312460124492645
Transformed distances:
tensor([[ -40.1626,  -46.8819,  -66.7337,  -52.1006,  -53.9482,  -43.2157,
          -38.0976,  -26.9373,  -40.9907,  -48.1947],
        [ -89.6338,  -98.2220, -134.2041, -108.6520, -111.9937,  -90.9461,
          -84.9678,  -68.3345,  -93.2618, -102.4159],
        [ -81.2355,  -89.8082, -123.5215,  -99.5559, -102.3227,  -83.3562,
          -77.1537,  -60.9577,  -84.4347,  -93.1441]], device='cuda:0',
       grad_fn=<NegBackward>)
Probabilities:
tensor([[0.0243, 0.0209, 0.0148, 0.0188, 0.0182, 0.0226, 0.0256, 0.0358, 0.0238,
         0.0203],
        [0.0110, 0.0101, 0.0074, 0.0091, 0.0089, 0.0109, 0.0116, 0.0144, 0.0106,
         0.0097],
        [0.0122, 0.0110, 0.0080, 0.0099, 0.0097, 0.0119, 0.0128, 0.0161, 0.0117,
         0.0106]], device='cuda:0', grad_fn=<AddBackward0>)
Median cluster size=0.39586928486824036 mean=0.3952573239803314 min=0.368696391582489 max=0.43213266134262085
Transformed distances:
tensor([[-109.2721, -119.2495, -160.9814, -131.5898, -136.3304, -110.6361,
         -104.7566,  -83.4171, -113.4033, -125.2686],
        [ -53.7961,  -62.3185,  -87.6529,  -69.0063,  -71.2271,  -57.4570,
          -51.3821,  -38.3148,  -55.5111,  -63.8198],
        [ -13.2971,  -17.9576,  -25.1273,  -18.2123,  -21.1341,  -16.7788,
          -14.1054,   -4.8803,  -13.6373,  -17.0113]], device='cuda:0',
       grad_fn=<NegBackward>)
Probabilities:
tensor([[0.0091, 0.0083, 0.0062, 0.0075, 0.0073, 0.0090, 0.0095, 0.0118, 0.0087,
         0.0079],
        [0.0182, 0.0158, 0.0113, 0.0143, 0.0138, 0.0171, 0.0191, 0.0254, 0.0177,
         0.0154],
        [0.0699, 0.0527, 0.0383, 0.0520, 0.0452, 0.0562, 0.0662, 0.1701, 0.0683,
         0.0555]], device='cuda:0', grad_fn=<AddBackward0>)
Median cluster size=0.39542892575263977 mean=0.39514419436454773 min=0.368074506521225 max=0.4332844316959381
Transformed distances:
tensor([[ -34.8370,  -42.1140,  -60.1538,  -46.0626,  -48.2583,  -38.3805,
          -33.0054,  -21.3895,  -34.9802,  -42.1689],
        [ -79.0077,  -87.6469, -120.7865,  -97.2812,  -99.7264,  -81.0626,
          -73.9920,  -58.3589,  -80.7235,  -91.1072],
        [ -91.8199, -101.5194, -139.2172, -112.0120, -116.0965,  -94.2198,
          -87.8337,  -68.7238,  -94.8652, -105.7330]], device='cuda:0',
       grad_fn=<NegBackward>)
Probabilities:
tensor([[0.0279, 0.0232, 0.0164, 0.0212, 0.0203, 0.0254, 0.0294, 0.0447, 0.0278,
         0.0232],
        [0.0125, 0.0113, 0.0082, 0.0102, 0.0099, 0.0122, 0.0133, 0.0168, 0.0122,
         0.0109],
        [0.0108, 0.0098, 0.0071, 0.0088, 0.0085, 0.0105, 0.0113, 0.0143, 0.0104,
         0.0094]], device='cuda:0', grad_fn=<AddBackward0>)
